Lint & Test (Ubuntu)	Run unit tests	2025-10-29T23:34:04.3954548Z ERROR    src.automation.feature_handlers.YouTubeFeatureHandler:feature_handlers.py:976 Failed to update frontmatter for test-youtube-note.md: data must be str, not Mock
Lint & Test (Ubuntu)	Run unit tests	2025-10-29T23:34:04.3955578Z ERROR    src.automation.feature_handlers.YouTubeFeatureHandler:feature_handlers.py:896 Exception processing test-youtube-note.md: Frontmatter update failed: data must be str, not Mock
Lint & Test (Ubuntu)	Run unit tests	2025-10-29T23:34:04.3985647Z ERROR    src.automation.feature_handlers.YouTubeFeatureHandler:feature_handlers.py:976 Failed to update frontmatter for test-youtube-note.md: data must be str, not Mock
Lint & Test (Ubuntu)	Run unit tests	2025-10-29T23:34:04.3986655Z ERROR    src.automation.feature_handlers.YouTubeFeatureHandler:feature_handlers.py:896 Exception processing test-youtube-note.md: Frontmatter update failed: data must be str, not Mock
Lint & Test (Ubuntu)	Run unit tests	2025-10-29T23:34:04.3994706Z ERROR    src.automation.feature_handlers.YouTubeFeatureHandler:feature_handlers.py:976 Failed to update frontmatter for test-youtube-note.md: data must be str, not Mock
Lint & Test (Ubuntu)	Run unit tests	2025-10-29T23:34:04.3995726Z ERROR    src.automation.feature_handlers.YouTubeFeatureHandler:feature_handlers.py:896 Exception processing test-youtube-note.md: Frontmatter update failed: data must be str, not Mock
Lint & Test (Ubuntu)	Run unit tests	2025-10-29T23:34:04.4003540Z ERROR    src.automation.feature_handlers.YouTubeFeatureHandler:feature_handlers.py:976 Failed to update frontmatter for test-youtube-note.md: data must be str, not Mock
Lint & Test (Ubuntu)	Run unit tests	2025-10-29T23:34:04.4004547Z ERROR    src.automation.feature_handlers.YouTubeFeatureHandler:feature_handlers.py:896 Exception processing test-youtube-note.md: Frontmatter update failed: data must be str, not Mock
Lint & Test (Ubuntu)	Run unit tests	2025-10-29T23:34:04.4141201Z ERROR    ai.safe_image_processor_utils:safe_image_processor_utils.py:100 No backup mapping found for session: safe_batch_inbox_processing_c587f0b5
Lint & Test (Ubuntu)	Run unit tests	2025-10-29T23:34:04.4141958Z ERROR    ai.safe_image_processor_utils:safe_image_processor_utils.py:100 No backup mapping found for session: safe_batch_inbox_processing_4683d501
Lint & Test (Ubuntu)	Run unit tests	2025-10-29T23:34:04.4142699Z ERROR    ai.safe_image_processor_utils:safe_image_processor_utils.py:100 No backup mapping found for session: safe_batch_inbox_processing_3f12e8a6
Lint & Test (Ubuntu)	Run unit tests	2025-10-29T23:34:04.4378427Z ERROR    src.ai.promotion_engine:promotion_engine.py:342 Promotion failed for high-quality.md: Failed to promote note: 'Mock' object is not subscriptable
Lint & Test (Ubuntu)	Run unit tests	2025-10-29T23:34:04.4379529Z ERROR    src.ai.promotion_engine:promotion_engine.py:342 Promotion failed for lit-1.md: Failed to promote note: 'Mock' object is not subscriptable
Lint & Test (Ubuntu)	Run unit tests	2025-10-29T23:34:04.4379954Z ERROR    src.ai.promotion_engine:promotion_engine.py:342 Promotion failed for perm-1.md: Failed to promote note: 'Mock' object is not subscriptable
Lint & Test (Ubuntu)	Run unit tests	2025-10-29T23:34:04.4380308Z ERROR    src.ai.promotion_engine:promotion_engine.py:342 Promotion failed for fleet-1.md: Failed to promote note: 'Mock' object is not subscriptable
Lint & Test (Ubuntu)	Run unit tests	2025-10-29T23:34:04.4490610Z    ERROR - __main__ - Unexpected error during execution
Lint & Test (Ubuntu)	Run unit tests	2025-10-29T23:34:04.4505316Z    ERROR - __main__ - Unexpected error during execution
Lint & Test (Ubuntu)	Run unit tests	2025-10-29T23:34:04.4512990Z    ERROR - __main__ - Unexpected error during execution
Lint & Test (Ubuntu)	Run unit tests	2025-10-29T23:34:04.4518270Z    ERROR - __main__ - Unexpected error during execution
Lint & Test (Ubuntu)	Run unit tests	2025-10-29T23:34:04.4523968Z ERROR    src.ai.promotion_engine:promotion_engine.py:342 Promotion failed for high.md: NoteLifecycleManager requires base_dir for promote_note()
Lint & Test (Ubuntu)	Run unit tests	2025-10-29T23:34:04.4525448Z ERROR    src.ai.promotion_engine:promotion_engine.py:342 Promotion failed for high-quality.md: NoteLifecycleManager requires base_dir for promote_note()
Lint & Test (Ubuntu)	Run unit tests	2025-10-29T23:34:04.4526780Z ERROR    src.ai.promotion_engine:promotion_engine.py:342 Promotion failed for fleeting-note.md: NoteLifecycleManager requires base_dir for promote_note()
Lint & Test (Ubuntu)	Run unit tests	2025-10-29T23:34:04.4528155Z ERROR    src.ai.promotion_engine:promotion_engine.py:342 Promotion failed for lit-research-paper.md: NoteLifecycleManager requires base_dir for promote_note()
Lint & Test (Ubuntu)	Run unit tests	2025-10-29T23:34:04.4529493Z ERROR    src.ai.promotion_engine:promotion_engine.py:342 Promotion failed for permanent-concept.md: NoteLifecycleManager requires base_dir for promote_note()
Lint & Test (Ubuntu)	Run unit tests	2025-10-29T23:34:04.4530873Z ERROR    src.ai.promotion_engine:promotion_engine.py:342 Promotion failed for status-test.md: NoteLifecycleManager requires base_dir for promote_note()
Lint & Test (Ubuntu)	Run unit tests	2025-10-29T23:34:04.4532269Z ERROR    src.ai.promotion_engine:promotion_engine.py:342 Promotion failed for timestamp-test.md: NoteLifecycleManager requires base_dir for promote_note()
Lint & Test (Ubuntu)	Run unit tests	2025-10-29T23:34:04.4533612Z ERROR    src.ai.promotion_engine:promotion_engine.py:342 Promotion failed for threshold-test.md: NoteLifecycleManager requires base_dir for promote_note()
Lint & Test (Ubuntu)	Run unit tests	2025-10-29T23:34:04.4535014Z ERROR    src.ai.promotion_engine:promotion_engine.py:342 Promotion failed for literature-1.md: NoteLifecycleManager requires base_dir for promote_note()
Lint & Test (Ubuntu)	Run unit tests	2025-10-29T23:34:04.4535385Z ERROR    src.ai.promotion_engine:promotion_engine.py:342 Promotion failed for fleeting-1.md: NoteLifecycleManager requires base_dir for promote_note()
Lint & Test (Ubuntu)	Run unit tests	2025-10-29T23:34:04.4535771Z ERROR    src.ai.promotion_engine:promotion_engine.py:342 Promotion failed for permanent-1.md: NoteLifecycleManager requires base_dir for promote_note()
Lint & Test (Ubuntu)	Run unit tests	2025-10-29T23:34:04.4538146Z ERROR    src.ai.promotion_engine:promotion_engine.py:342 Promotion failed for inbox-status.md: NoteLifecycleManager requires base_dir for promote_note()
Lint & Test (Ubuntu)	Run unit tests	2025-10-29T23:34:04.4545314Z ERROR    src.automation.youtube_api:youtube_api.py:235 Error reading note /tmp/tmpi35_e21i.md: unsupported operand type(s) for -: 'float' and 'Mock'
Lint & Test (Ubuntu)	Run unit tests	2025-10-29T23:34:04.4546662Z ERROR    src.automation.youtube_api:youtube_api.py:235 Error reading note /tmp/tmpc3txc058.md: unsupported operand type(s) for -: 'float' and 'Mock'
Lint & Test (Ubuntu)	Run unit tests	2025-10-29T23:34:04.4710264Z FAILED development/tests/unit/automation/test_feature_handlers_config.py::TestConfigurationValidation::test_validation_passes_for_valid_handler_config - AssertionError: assert 1 == 0
Lint & Test (Ubuntu)	Run unit tests	2025-10-29T23:34:04.4711015Z FAILED development/tests/unit/automation/test_http_server.py::test_health_endpoint_returns_daemon_health - AttributeError: 'MockDaemon' object has no attribute 'youtube_handler'
Lint & Test (Ubuntu)	Run unit tests	2025-10-29T23:34:04.4711509Z FAILED development/tests/unit/automation/test_http_server.py::test_metrics_endpoint_returns_prometheus_format - AttributeError: 'MockDaemon' object has no attribute 'youtube_handler'
Lint & Test (Ubuntu)	Run unit tests	2025-10-29T23:34:04.4712002Z FAILED development/tests/unit/automation/test_http_server.py::test_health_endpoint_handles_daemon_error - AttributeError: 'FailingDaemon' object has no attribute 'youtube_handler'
Lint & Test (Ubuntu)	Run unit tests	2025-10-29T23:34:04.4712484Z FAILED development/tests/unit/automation/test_http_server.py::test_metrics_endpoint_handles_daemon_error - AttributeError: 'FailingDaemon' object has no attribute 'youtube_handler'
Lint & Test (Ubuntu)	Run unit tests	2025-10-29T23:34:04.4712920Z FAILED development/tests/unit/automation/test_http_server.py::test_unknown_route_returns_404 - AttributeError: 'MockDaemon' object has no attribute 'youtube_handler'
Lint & Test (Ubuntu)	Run unit tests	2025-10-29T23:34:04.4713592Z FAILED development/tests/unit/automation/test_http_server.py::test_health_endpoint_cors_headers - AttributeError: 'MockDaemon' object has no attribute 'youtube_handler'
Lint & Test (Ubuntu)	Run unit tests	2025-10-29T23:34:04.4714035Z FAILED development/tests/unit/automation/test_http_server.py::test_root_endpoint_returns_info - AttributeError: 'MockDaemon' object has no attribute 'youtube_handler'
Lint & Test (Ubuntu)	Run unit tests	2025-10-29T23:34:04.4714607Z FAILED development/tests/unit/automation/test_youtube_handler.py::TestYouTubeHandlerInitialization::test_handler_initializes_with_valid_config - PermissionError: [Errno 13] Permission denied: '/test'
Lint & Test (Ubuntu)	Run unit tests	2025-10-29T23:34:04.4715618Z FAILED development/tests/unit/automation/test_youtube_handler.py::TestYouTubeHandlerInitialization::test_handler_uses_defaults_for_optional_config - PermissionError: [Errno 13] Permission denied: '/test'
Lint & Test (Ubuntu)	Run unit tests	2025-10-29T23:34:04.4716182Z FAILED development/tests/unit/automation/test_youtube_handler.py::TestYouTubeProcessing::test_handle_processes_valid_youtube_note - PermissionError: [Errno 13] Permission denied: '/test'
Lint & Test (Ubuntu)	Run unit tests	2025-10-29T23:34:04.4716726Z FAILED development/tests/unit/automation/test_youtube_handler.py::TestYouTubeProcessing::test_handle_extracts_quotes_from_transcript - PermissionError: [Errno 13] Permission denied: '/test'
Lint & Test (Ubuntu)	Run unit tests	2025-10-29T23:34:04.4717365Z FAILED development/tests/unit/automation/test_youtube_handler.py::TestYouTubeProcessing::test_handle_updates_note_with_quotes_preserving_user_content - PermissionError: [Errno 13] Permission denied: '/test'
Lint & Test (Ubuntu)	Run unit tests	2025-10-29T23:34:04.4717902Z FAILED development/tests/unit/automation/test_youtube_handler.py::TestYouTubeProcessing::test_handle_sets_ai_processed_flag_in_frontmatter - PermissionError: [Errno 13] Permission denied: '/test'
Lint & Test (Ubuntu)	Run unit tests	2025-10-29T23:34:04.4718444Z FAILED development/tests/unit/automation/test_youtube_handler.py::TestYouTubeProcessing::test_handle_returns_success_result_with_quote_count - PermissionError: [Errno 13] Permission denied: '/test'
Lint & Test (Ubuntu)	Run unit tests	2025-10-29T23:34:04.4719009Z FAILED development/tests/unit/automation/test_youtube_handler.py::TestYouTubeFallbackParser::test_handle_with_empty_frontmatter_extracts_from_body - PermissionError: [Errno 13] Permission denied: '/test'
Lint & Test (Ubuntu)	Run unit tests	2025-10-29T23:34:04.4719551Z FAILED development/tests/unit/automation/test_youtube_handler.py::TestYouTubeFallbackParser::test_handle_logs_fallback_extraction - PermissionError: [Errno 13] Permission denied: '/test'
Lint & Test (Ubuntu)	Run unit tests	2025-10-29T23:34:04.4720164Z FAILED development/tests/unit/automation/test_youtube_handler.py::TestYouTubeFallbackParser::test_handle_fails_when_video_id_missing_from_both_frontmatter_and_body - PermissionError: [Errno 13] Permission denied: '/test'
Lint & Test (Ubuntu)	Run unit tests	2025-10-29T23:34:04.4720702Z FAILED development/tests/unit/automation/test_youtube_handler.py::TestYouTubeErrorHandling::test_handles_missing_transcript_gracefully - PermissionError: [Errno 13] Permission denied: '/test'
Lint & Test (Ubuntu)	Run unit tests	2025-10-29T23:34:04.4721216Z FAILED development/tests/unit/automation/test_youtube_handler.py::TestYouTubeErrorHandling::test_handles_llm_timeout_gracefully - PermissionError: [Errno 13] Permission denied: '/test'
Lint & Test (Ubuntu)	Run unit tests	2025-10-29T23:34:04.4721792Z FAILED development/tests/unit/automation/test_youtube_handler.py::TestYouTubeErrorHandling::test_handles_malformed_note_structure_without_daemon_crash - PermissionError: [Errno 13] Permission denied: '/test'
Lint & Test (Ubuntu)	Run unit tests	2025-10-29T23:34:04.4722381Z FAILED development/tests/unit/automation/test_youtube_handler.py::TestYouTubeMetricsAndHealth::test_tracks_processing_time_and_increments_success_counter - PermissionError: [Errno 13] Permission denied: '/test'
Lint & Test (Ubuntu)	Run unit tests	2025-10-29T23:34:04.4722923Z FAILED development/tests/unit/automation/test_youtube_handler.py::TestYouTubeMetricsAndHealth::test_increments_failure_counter_on_error - PermissionError: [Errno 13] Permission denied: '/test'
Lint & Test (Ubuntu)	Run unit tests	2025-10-29T23:34:04.4723574Z FAILED development/tests/unit/automation/test_youtube_handler.py::TestYouTubeMetricsAndHealth::test_get_health_returns_healthy_with_good_success_rate - PermissionError: [Errno 13] Permission denied: '/test'
Lint & Test (Ubuntu)	Run unit tests	2025-10-29T23:34:04.4724262Z FAILED development/tests/unit/automation/test_youtube_handler_note_linking.py::TestYouTubeHandlerNoteLinking::test_bidirectional_navigation_works - TypeError: YouTubeFeatureHandler.__init__() got an unexpected keyword argument 'vault_path'
Lint & Test (Ubuntu)	Run unit tests	2025-10-29T23:34:04.4724972Z FAILED development/tests/unit/automation/test_youtube_handler_note_linking.py::TestYouTubeHandlerNoteLinking::test_handler_adds_transcript_to_frontmatter - TypeError: YouTubeFeatureHandler.__init__() got an unexpected keyword argument 'vault_path'
Lint & Test (Ubuntu)	Run unit tests	2025-10-29T23:34:04.4725743Z FAILED development/tests/unit/automation/test_youtube_handler_note_linking.py::TestYouTubeHandlerNoteLinking::test_handler_handles_linking_failure_gracefully - TypeError: YouTubeFeatureHandler.__init__() got an unexpected keyword argument 'vault_path'
Lint & Test (Ubuntu)	Run unit tests	2025-10-29T23:34:04.4726432Z FAILED development/tests/unit/automation/test_youtube_handler_note_linking.py::TestYouTubeHandlerNoteLinking::test_handler_inserts_transcript_link_in_body - TypeError: YouTubeFeatureHandler.__init__() got an unexpected keyword argument 'vault_path'
Lint & Test (Ubuntu)	Run unit tests	2025-10-29T23:34:04.4727123Z FAILED development/tests/unit/automation/test_youtube_handler_note_linking.py::TestYouTubeHandlerNoteLinking::test_handler_preserves_existing_content - TypeError: YouTubeFeatureHandler.__init__() got an unexpected keyword argument 'vault_path'
Lint & Test (Ubuntu)	Run unit tests	2025-10-29T23:34:04.4727869Z FAILED development/tests/unit/automation/test_youtube_handler_note_linking.py::TestYouTubeHandlerNoteLinking::test_linking_with_various_note_structures - TypeError: YouTubeFeatureHandler.__init__() got an unexpected keyword argument 'vault_path'
Lint & Test (Ubuntu)	Run unit tests	2025-10-29T23:34:04.4728538Z FAILED development/tests/unit/automation/test_youtube_handler_transcript_integration.py::TestYouTubeHandlerTranscriptIntegration::test_handler_saves_transcript_after_fetch - AssertionError: save_transcript() should be called
Lint & Test (Ubuntu)	Run unit tests	2025-10-29T23:34:04.4729436Z FAILED development/tests/unit/automation/test_youtube_handler_transcript_integration.py::TestYouTubeHandlerTranscriptIntegration::test_handler_returns_transcript_path - AssertionError: transcript_file should be a Path object
Lint & Test (Ubuntu)	Run unit tests	2025-10-29T23:34:04.4730302Z FAILED development/tests/unit/automation/test_youtube_handler_transcript_integration.py::TestYouTubeHandlerTranscriptIntegration::test_handler_generates_transcript_wikilink - AttributeError: 'NoneType' object has no attribute 'startswith'
Lint & Test (Ubuntu)	Run unit tests	2025-10-29T23:34:04.4731078Z FAILED development/tests/unit/automation/test_youtube_handler_transcript_integration.py::TestYouTubeHandlerTranscriptIntegration::test_handler_handles_transcript_save_failure - AssertionError: Handler should succeed even if transcript save fails (graceful degradation)
Lint & Test (Ubuntu)	Run unit tests	2025-10-29T23:34:04.4731736Z FAILED development/tests/unit/cli/test_dashboard_daemon_integration.py::TestDashboardHealthMonitor::test_integration_orchestrator_checks_status_before_launch - Failed: Timeout (>300.0s) from pytest-timeout.
Lint & Test (Ubuntu)	Run unit tests	2025-10-29T23:34:04.4732102Z FAILED development/tests/unit/cli/test_status_cli.py::TestActivityTimestamps::test_read_last_activity_timestamp - assert None is not None
Lint & Test (Ubuntu)	Run unit tests	2025-10-29T23:34:04.4732497Z FAILED development/tests/unit/cli/test_terminal_dashboard.py::test_dashboard_refreshes_every_second - Failed: Timeout (>300.0s) from pytest-timeout.
Lint & Test (Ubuntu)	Run unit tests	2025-10-29T23:34:04.4733266Z FAILED development/tests/unit/cli/test_terminal_dashboard_metrics.py::TestTerminalDashboardMetricsDisplay::test_dashboard_can_create_metrics_display_formatter - AttributeError: module 'src.cli.terminal_dashboard' has no attribute 'MetricsStorage'
Lint & Test (Ubuntu)	Run unit tests	2025-10-29T23:34:04.4733957Z FAILED development/tests/unit/cli/test_terminal_dashboard_metrics.py::TestTerminalDashboardMetricsDisplay::test_dashboard_formatter_displays_counter_metrics - AttributeError: module 'src.cli.terminal_dashboard' has no attribute 'MetricsStorage'
Lint & Test (Ubuntu)	Run unit tests	2025-10-29T23:34:04.4734641Z FAILED development/tests/unit/cli/test_terminal_dashboard_metrics.py::TestTerminalDashboardMetricsDisplay::test_dashboard_formatter_displays_gauge_metrics - AttributeError: module 'src.cli.terminal_dashboard' has no attribute 'MetricsStorage'
Lint & Test (Ubuntu)	Run unit tests	2025-10-29T23:34:04.4735294Z FAILED development/tests/unit/cli/test_terminal_dashboard_metrics.py::TestMetricsIntegrationWithDashboard::test_dashboard_handles_empty_metrics - AttributeError: module 'src.cli.terminal_dashboard' has no attribute 'MetricsStorage'
Lint & Test (Ubuntu)	Run unit tests	2025-10-29T23:34:04.4735933Z FAILED development/tests/unit/test_advanced_tag_enhancement_cli.py::TestAdvancedTagEnhancementCLI::test_analyze_tags_command_basic_execution - ValueError: Inbox directory does not exist: /tmp/tmpojtwrzig/Inbox
Lint & Test (Ubuntu)	Run unit tests	2025-10-29T23:34:04.4736548Z FAILED development/tests/unit/test_advanced_tag_enhancement_cli.py::TestAdvancedTagEnhancementCLI::test_analyze_tags_performance_with_large_collection - ValueError: Inbox directory does not exist: /tmp/tmpxh0jtyk3/Inbox
Lint & Test (Ubuntu)	Run unit tests	2025-10-29T23:34:04.4737108Z FAILED development/tests/unit/test_advanced_tag_enhancement_cli.py::TestAdvancedTagEnhancementCLI::test_backup_and_rollback_capabilities - ValueError: Inbox directory does not exist: /tmp/tmpub2762au/Inbox
Lint & Test (Ubuntu)	Run unit tests	2025-10-29T23:34:04.4737768Z FAILED development/tests/unit/test_advanced_tag_enhancement_cli.py::TestAdvancedTagEnhancementCLI::test_batch_enhance_command_with_user_confirmation - ValueError: Inbox directory does not exist: /tmp/tmp6c5lssco/Inbox
Lint & Test (Ubuntu)	Run unit tests	2025-10-29T23:34:04.4738325Z FAILED development/tests/unit/test_advanced_tag_enhancement_cli.py::TestAdvancedTagEnhancementCLI::test_cli_initialization_and_setup - ValueError: Inbox directory does not exist: /tmp/tmpdvpc7kus/Inbox
Lint & Test (Ubuntu)	Run unit tests	2025-10-29T23:34:04.4738884Z FAILED development/tests/unit/test_advanced_tag_enhancement_cli.py::TestAdvancedTagEnhancementCLI::test_csv_export_for_external_processing - ValueError: Inbox directory does not exist: /tmp/tmpbk5sha1t/Inbox
Lint & Test (Ubuntu)	Run unit tests	2025-10-29T23:34:04.4739457Z FAILED development/tests/unit/test_advanced_tag_enhancement_cli.py::TestAdvancedTagEnhancementCLI::test_error_handling_and_graceful_failures - ValueError: Inbox directory does not exist: /tmp/tmpzxy837a6/Inbox
Lint & Test (Ubuntu)	Run unit tests	2025-10-29T23:34:04.4740047Z FAILED development/tests/unit/test_advanced_tag_enhancement_cli.py::TestAdvancedTagEnhancementCLI::test_feedback_collection_for_adaptive_learning - ValueError: Inbox directory does not exist: /tmp/tmplq7ri130/Inbox
Lint & Test (Ubuntu)	Run unit tests	2025-10-29T23:34:04.4740627Z FAILED development/tests/unit/test_advanced_tag_enhancement_cli.py::TestAdvancedTagEnhancementCLI::test_integration_with_weekly_review_workflow - ValueError: Inbox directory does not exist: /tmp/tmpzgdxltjh/Inbox
Lint & Test (Ubuntu)	Run unit tests	2025-10-29T23:34:04.4741225Z FAILED development/tests/unit/test_advanced_tag_enhancement_cli.py::TestAdvancedTagEnhancementCLI::test_interactive_enhancement_mode_user_workflow - ValueError: Inbox directory does not exist: /tmp/tmpt7oyfwxq/Inbox
Lint & Test (Ubuntu)	Run unit tests	2025-10-29T23:34:04.4741768Z FAILED development/tests/unit/test_advanced_tag_enhancement_cli.py::TestAdvancedTagEnhancementCLI::test_json_export_functionality - ValueError: Inbox directory does not exist: /tmp/tmp8kupdd9_/Inbox
Lint & Test (Ubuntu)	Run unit tests	2025-10-29T23:34:04.4742359Z FAILED development/tests/unit/test_advanced_tag_enhancement_cli.py::TestAdvancedTagEnhancementCLI::test_progress_reporting_during_bulk_operations - ValueError: Inbox directory does not exist: /tmp/tmp2kvelf3h/Inbox
Lint & Test (Ubuntu)	Run unit tests	2025-10-29T23:34:04.4742965Z FAILED development/tests/unit/test_advanced_tag_enhancement_cli.py::TestAdvancedTagEnhancementCLI::test_real_data_integration_performance_validation - ValueError: Inbox directory does not exist: /tmp/tmpgqd0kkez/Inbox
Lint & Test (Ubuntu)	Run unit tests	2025-10-29T23:34:04.4743629Z FAILED development/tests/unit/test_advanced_tag_enhancement_cli.py::TestAdvancedTagEnhancementCLI::test_suggest_improvements_command_quality_threshold - ValueError: Inbox directory does not exist: /tmp/tmpjnhjsve1/Inbox
Lint & Test (Ubuntu)	Run unit tests	2025-10-29T23:34:04.4744204Z FAILED development/tests/unit/test_advanced_tag_enhancement_cli.py::TestAdvancedTagEnhancementCLI::test_zero_regression_on_existing_workflows - ValueError: Inbox directory does not exist: /tmp/tmpfx5pn8l8/Inbox
Lint & Test (Ubuntu)	Run unit tests	2025-10-29T23:34:04.4744647Z FAILED development/tests/unit/test_advanced_tag_enhancement_cli.py::TestCLIProgressReporter::test_completion_reporting - AssertionError: AttributeError not raised
Lint & Test (Ubuntu)	Run unit tests	2025-10-29T23:34:04.4745120Z FAILED development/tests/unit/test_advanced_tag_enhancement_cli.py::TestCLIProgressReporter::test_progress_reporter_initialization - AssertionError: ImportError not raised
Lint & Test (Ubuntu)	Run unit tests	2025-10-29T23:34:04.4745672Z FAILED development/tests/unit/test_advanced_tag_enhancement_cli.py::TestCLIProgressReporter::test_progress_updates_during_processing - AssertionError: AttributeError not raised
Lint & Test (Ubuntu)	Run unit tests	2025-10-29T23:34:04.4746105Z FAILED development/tests/unit/test_advanced_tag_enhancement_cli.py::TestTagAnalysisMode::test_analysis_mode_enumeration - AssertionError: ImportError not raised
Lint & Test (Ubuntu)	Run unit tests	2025-10-29T23:34:04.4746537Z FAILED development/tests/unit/test_advanced_tag_enhancement_cli.py::TestEnhancementCommand::test_command_validation - AssertionError: AttributeError not raised
Lint & Test (Ubuntu)	Run unit tests	2025-10-29T23:34:04.4747002Z FAILED development/tests/unit/test_advanced_tag_enhancement_cli.py::TestEnhancementCommand::test_enhancement_command_structure - AssertionError: ImportError not raised
Lint & Test (Ubuntu)	Run unit tests	2025-10-29T23:34:04.4747398Z FAILED development/tests/unit/test_ai_tagging_prevention.py::TestAITagValidator::test_detect_technical_artifact_tags - AssertionError: assert 4 == 6
Lint & Test (Ubuntu)	Run unit tests	2025-10-29T23:34:04.4748111Z FAILED development/tests/unit/test_ai_tagging_prevention.py::TestAITagValidator::test_validate_semantic_coherence - assert True == False
Lint & Test (Ubuntu)	Run unit tests	2025-10-29T23:34:04.4748742Z FAILED development/tests/unit/test_ai_tagging_prevention.py::TestSemanticConceptExtractor::test_filter_extraction_quality - AssertionError: assert ('ai' in ['machine-learning'] or 'artificial-intelligence' in ['machine-learning'])
Lint & Test (Ubuntu)	Run unit tests	2025-10-29T23:34:04.4749154Z FAILED development/tests/unit/test_ai_tagging_prevention.py::TestTagQualityGatekeeper::test_integration_with_ai_workflows - AssertionError: assert 3 == 2
Lint & Test (Ubuntu)	Run unit tests	2025-10-29T23:34:04.4750293Z FAILED development/tests/unit/test_ai_tagging_prevention.py::TestWorkflowManagerIntegration::test_process_inbox_note_with_prevention - AssertionError: assert 'original_ai_tags' in {'ai_tags': ['quantum-computing', 'machine-learning'], 'connections': ['related-note-1.md'], 'enhanced_with_prevention': True, 'processing_preserved': True, ...}
Lint & Test (Ubuntu)	Run unit tests	2025-10-29T23:34:04.4750697Z FAILED development/tests/unit/test_ai_tagging_prevention.py::TestAITagPreventionEngine::test_comprehensive_prevention_pipeline - assert 0 == 2
Lint & Test (Ubuntu)	Run unit tests	2025-10-29T23:34:04.4751143Z FAILED development/tests/unit/test_ai_tagging_prevention.py::TestAITagPreventionEngine::test_real_data_validation_targets - assert 0 >= 62
Lint & Test (Ubuntu)	Run unit tests	2025-10-29T23:34:04.4751514Z FAILED development/tests/unit/test_ai_tagging_prevention.py::TestPreventionPerformance::test_performance_within_targets - assert 0 > 0
Lint & Test (Ubuntu)	Run unit tests	2025-10-29T23:34:04.4752518Z FAILED development/tests/unit/test_batch_processor.py::TestBatchProcessor::test_ai_processing_adds_tags_and_quality_scores - AssertionError: 'tags:' not found in '---\ntype: fleeting\ncreated: 2025-09-21 10:00\nstatus: inbox\n---\n\n# Enhancement Test Note\n\nThis note needs AI tags and quality assessment.\nIt has substantial content that should receive good scores.\n'
Lint & Test (Ubuntu)	Run unit tests	2025-10-29T23:34:04.4753500Z FAILED development/tests/unit/test_batch_processor.py::TestBatchProcessor::test_process_notes_integrates_with_ai_workflow - AssertionError: 'ai_processed:' not found in '---\ntype: fleeting\ncreated: 2025-09-21 10:00\nstatus: inbox\n---\n\n# Test Note for AI Processing\n\nThis note has minimal tags and no quality score.\nIt should be enhanced with AI processing.\n'
Lint & Test (Ubuntu)	Run unit tests	2025-10-29T23:34:04.4753875Z FAILED development/tests/unit/test_cli_safe_workflow_utils.py::TestCLISafeWorkflowProcessor::test_batch_process_safe_fails - assert 0.0 > 0
Lint & Test (Ubuntu)	Run unit tests	2025-10-29T23:34:04.4754275Z FAILED development/tests/unit/test_cli_safe_workflow_utils.py::TestCLISafeWorkflowProcessor::test_process_note_in_session_fails - assert False is True
Lint & Test (Ubuntu)	Run unit tests	2025-10-29T23:34:04.4754837Z FAILED development/tests/unit/test_cli_safe_workflow_utils.py::TestCLIPerformanceReporter::test_benchmark_processing_performance_fails - Failed: DID NOT RAISE (<class 'ImportError'>, <class 'AttributeError'>)
Lint & Test (Ubuntu)	Run unit tests	2025-10-29T23:34:04.4755472Z FAILED development/tests/unit/test_cli_safe_workflow_utils.py::TestCLIIntegrityMonitor::test_generate_integrity_report_fails - FileNotFoundError: [Errno 2] No such file or directory: '/tmp/test-vault/Permanent Notes'
Lint & Test (Ubuntu)	Run unit tests	2025-10-29T23:34:04.4755987Z FAILED development/tests/unit/test_cli_safe_workflow_utils.py::TestCLIIntegrityMonitor::test_export_integrity_report_fails - Failed: DID NOT RAISE (<class 'ImportError'>, <class 'AttributeError'>)
Lint & Test (Ubuntu)	Run unit tests	2025-10-29T23:34:04.4756347Z FAILED development/tests/unit/test_cli_safe_workflow_utils.py::TestCLISessionManager::test_process_in_session_fails - assert False is True
Lint & Test (Ubuntu)	Run unit tests	2025-10-29T23:34:04.4756857Z FAILED development/tests/unit/test_cli_safe_workflow_utils.py::TestCLIBatchProcessor::test_batch_process_with_progress_fails - Failed: DID NOT RAISE (<class 'ImportError'>, <class 'AttributeError'>)
Lint & Test (Ubuntu)	Run unit tests	2025-10-29T23:34:04.4757406Z FAILED development/tests/unit/test_cli_safe_workflow_utils.py::TestCLIBatchProcessor::test_optimize_batch_size_fails - Failed: DID NOT RAISE (<class 'ImportError'>, <class 'AttributeError'>)
Lint & Test (Ubuntu)	Run unit tests	2025-10-29T23:34:04.4757981Z FAILED development/tests/unit/test_cli_safe_workflow_utils.py::TestSafeWorkflowCLI::test_orchestrator_initialization_works - FileNotFoundError: [Errno 2] No such file or directory: '/tmp/test-vault/Permanent Notes'
Lint & Test (Ubuntu)	Run unit tests	2025-10-29T23:34:04.4758500Z FAILED development/tests/unit/test_cli_safe_workflow_utils.py::TestSafeWorkflowCLI::test_execute_command_fails - FileNotFoundError: [Errno 2] No such file or directory: '/tmp/test-vault/Permanent Notes'
Lint & Test (Ubuntu)	Run unit tests	2025-10-29T23:34:04.4759066Z FAILED development/tests/unit/test_cli_safe_workflow_utils.py::TestSafeWorkflowCLI::test_performance_optimization_fails - FileNotFoundError: [Errno 2] No such file or directory: '/tmp/test-vault/Permanent Notes'
Lint & Test (Ubuntu)	Run unit tests	2025-10-29T23:34:04.4759660Z FAILED development/tests/unit/test_cli_safe_workflow_utils.py::TestCLIUtilsPerformance::test_cli_initialization_performance_fails - FileNotFoundError: [Errno 2] No such file or directory: '/tmp/test-vault/Permanent Notes'
Lint & Test (Ubuntu)	Run unit tests	2025-10-29T23:34:04.4760258Z FAILED development/tests/unit/test_cli_safe_workflow_utils.py::TestCLIUtilsPerformance::test_command_recognition_performance_fails - FileNotFoundError: [Errno 2] No such file or directory: '/tmp/test-vault/Permanent Notes'
Lint & Test (Ubuntu)	Run unit tests	2025-10-29T23:34:04.4760822Z FAILED development/tests/unit/test_cli_safe_workflow_utils.py::TestCLIUtilsIntegration::test_full_workflow_integration_fails - FileNotFoundError: [Errno 2] No such file or directory: '/tmp/test-vault/Permanent Notes'
Lint & Test (Ubuntu)	Run unit tests	2025-10-29T23:34:04.4761232Z FAILED development/tests/unit/test_connection_manager.py::TestConnectionCoordinatorCore::test_discover_connections_finds_similar_notes - assert 0 > 0
Lint & Test (Ubuntu)	Run unit tests	2025-10-29T23:34:04.4761666Z FAILED development/tests/unit/test_core_workflow_cli.py::TestCoreWorkflowCLI::test_promote_command_execution - AssertionError: 1 != 0
Lint & Test (Ubuntu)	Run unit tests	2025-10-29T23:34:04.4762312Z FAILED development/tests/unit/test_enhanced_ai_cli_integration_tdd_iteration_6.py::TestEnhancedAICLIIntegration::test_analyze_tags_enhanced_command_100_percent_coverage - ValueError: Inbox directory does not exist: /tmp/test_vault/Inbox
Lint & Test (Ubuntu)	Run unit tests	2025-10-29T23:34:04.4762939Z FAILED development/tests/unit/test_enhanced_ai_cli_integration_tdd_iteration_6.py::TestEnhancedAICLIIntegration::test_enhanced_commands_backwards_compatibility - ValueError: Inbox directory does not exist: /tmp/test_vault/Inbox
Lint & Test (Ubuntu)	Run unit tests	2025-10-29T23:34:04.4763643Z FAILED development/tests/unit/test_enhanced_ai_cli_integration_tdd_iteration_6.py::TestEnhancedAICLIIntegration::test_enhanced_performance_validation_296_tags_per_second - ValueError: Inbox directory does not exist: /tmp/test_vault/Inbox
Lint & Test (Ubuntu)	Run unit tests	2025-10-29T23:34:04.4764288Z FAILED development/tests/unit/test_enhanced_ai_cli_integration_tdd_iteration_6.py::TestEnhancedAICLIIntegration::test_interactive_enhancement_command_real_time_feedback - ValueError: Inbox directory does not exist: /tmp/test_vault/Inbox
Lint & Test (Ubuntu)	Run unit tests	2025-10-29T23:34:04.4765035Z FAILED development/tests/unit/test_enhanced_ai_cli_integration_tdd_iteration_6.py::TestEnhancedAICLIIntegration::test_suggest_improvements_enhanced_command_contextual_intelligence - ValueError: Inbox directory does not exist: /tmp/test_vault/Inbox
Lint & Test (Ubuntu)	Run unit tests	2025-10-29T23:34:04.4765667Z FAILED development/tests/unit/test_enhanced_ai_cli_integration_tdd_iteration_6.py::TestInteractiveUserExperience::test_interactive_contextual_help_system - ValueError: Inbox directory does not exist: /tmp/test_vault/Inbox
Lint & Test (Ubuntu)	Run unit tests	2025-10-29T23:34:04.4766279Z FAILED development/tests/unit/test_enhanced_ai_cli_integration_tdd_iteration_6.py::TestInteractiveUserExperience::test_interactive_mode_progress_indicators - ValueError: Inbox directory does not exist: /tmp/test_vault/Inbox
Lint & Test (Ubuntu)	Run unit tests	2025-10-29T23:34:04.4766932Z FAILED development/tests/unit/test_enhanced_ai_cli_integration_tdd_iteration_6.py::TestInteractiveUserExperience::test_user_feedback_learning_integration - ValueError: Inbox directory does not exist: /tmp/test_vault/Inbox
Lint & Test (Ubuntu)	Run unit tests	2025-10-29T23:34:04.4767572Z FAILED development/tests/unit/test_enhanced_ai_cli_integration_tdd_iteration_6.py::TestWeeklyReviewIntegration::test_weekly_review_automatic_tag_enhancement_suggestions - ValueError: Inbox directory does not exist: /tmp/test_vault/Inbox
Lint & Test (Ubuntu)	Run unit tests	2025-10-29T23:34:04.4768188Z FAILED development/tests/unit/test_enhanced_ai_cli_integration_tdd_iteration_6.py::TestWeeklyReviewIntegration::test_weekly_review_tag_quality_trends_analytics - ValueError: Inbox directory does not exist: /tmp/test_vault/Inbox
Lint & Test (Ubuntu)	Run unit tests	2025-10-29T23:34:04.4768842Z FAILED development/tests/unit/test_enhanced_ai_cli_integration_tdd_iteration_6.py::TestExportAnalyticsEnhancement::test_analytics_dashboard_integration_for_external_tools - ValueError: Inbox directory does not exist: /tmp/test_vault/Inbox
Lint & Test (Ubuntu)	Run unit tests	2025-10-29T23:34:04.4769505Z FAILED development/tests/unit/test_enhanced_ai_cli_integration_tdd_iteration_6.py::TestExportAnalyticsEnhancement::test_enhanced_json_export_with_suggestion_acceptance_rates - ValueError: Inbox directory does not exist: /tmp/test_vault/Inbox
Lint & Test (Ubuntu)	Run unit tests	2025-10-29T23:34:04.4770143Z FAILED development/tests/unit/test_enhanced_ai_cli_integration_tdd_iteration_6.py::TestExportAnalyticsEnhancement::test_user_feedback_collection_system_comprehensive - ValueError: Inbox directory does not exist: /tmp/test_vault/Inbox
Lint & Test (Ubuntu)	Run unit tests	2025-10-29T23:34:04.4770733Z FAILED development/tests/unit/test_enhanced_ai_cli_integration_tdd_iteration_6.py::TestMemoryEfficiencyAndScaling::test_concurrent_processing_safety - ValueError: Inbox directory does not exist: /tmp/test_vault/Inbox
Lint & Test (Ubuntu)	Run unit tests	2025-10-29T23:34:04.4771342Z FAILED development/tests/unit/test_enhanced_ai_cli_integration_tdd_iteration_6.py::TestMemoryEfficiencyAndScaling::test_memory_efficiency_with_1000_plus_tags - ValueError: Inbox directory does not exist: /tmp/test_vault/Inbox
Lint & Test (Ubuntu)	Run unit tests	2025-10-29T23:34:04.4771924Z FAILED development/tests/unit/test_enhanced_ai_features_tdd_iteration_5.py::TestEnhancedSuggestionEngine::test_90_percent_suggestion_rate_target - AssertionError: 0.7619047619047619 not greater than or equal to 0.9
Lint & Test (Ubuntu)	Run unit tests	2025-10-29T23:34:04.4772882Z FAILED development/tests/unit/test_enhanced_ai_features_tdd_iteration_5.py::TestEnhancedSuggestionEngine::test_complex_tag_simplification - AssertionError: 'machine-learning' not found in ['quantum-computing', 'quantum-mechanics', 'quantum-algorithms', 'quantum-entanglement', 'machine-learning-applications-in-quantum-computing']
Lint & Test (Ubuntu)	Run unit tests	2025-10-29T23:34:04.4773668Z FAILED development/tests/unit/test_enhanced_ai_features_tdd_iteration_5.py::TestEnhancedSuggestionEngine::test_contextual_suggestion_generation - AssertionError: 'quantum-computing' not found in ['machine-learning', 'supervised-learning', 'model-training']
Lint & Test (Ubuntu)	Run unit tests	2025-10-29T23:34:04.4774202Z FAILED development/tests/unit/test_enhanced_ai_features_tdd_iteration_5.py::TestEnhancedSuggestionEngine::test_enhanced_suggestion_engine_initialization - AssertionError: ImportError not raised
Lint & Test (Ubuntu)	Run unit tests	2025-10-29T23:34:04.4774755Z FAILED development/tests/unit/test_enhanced_ai_features_tdd_iteration_5.py::TestEnhancedSuggestionEngine::test_performance_with_large_collections - AssertionError: 21 not greater than or equal to 900
Lint & Test (Ubuntu)	Run unit tests	2025-10-29T23:34:04.4775336Z FAILED development/tests/unit/test_enhanced_ai_features_tdd_iteration_5.py::TestEnhancedSuggestionEngine::test_semantic_domain_mapping_enhancement - AssertionError: AttributeError not raised
Lint & Test (Ubuntu)	Run unit tests	2025-10-29T23:34:04.4775846Z FAILED development/tests/unit/test_enhanced_ai_features_tdd_iteration_5.py::TestQualityScoringRecalibrator::test_contextual_quality_assessment - AssertionError: AttributeError not raised
Lint & Test (Ubuntu)	Run unit tests	2025-10-29T23:34:04.4776345Z FAILED development/tests/unit/test_enhanced_ai_features_tdd_iteration_5.py::TestQualityScoringRecalibrator::test_false_positive_reduction - AssertionError: AttributeError not raised
Lint & Test (Ubuntu)	Run unit tests	2025-10-29T23:34:04.4776888Z FAILED development/tests/unit/test_enhanced_ai_features_tdd_iteration_5.py::TestQualityScoringRecalibrator::test_quality_scoring_recalibrator_initialization - AssertionError: ImportError not raised
Lint & Test (Ubuntu)	Run unit tests	2025-10-29T23:34:04.4777636Z FAILED development/tests/unit/test_enhanced_ai_features_tdd_iteration_5.py::TestQualityScoringRecalibrator::test_realistic_quality_distribution - AssertionError: 0.7142857142857143 != 0.2 within 0.1 delta (0.5142857142857142 difference)
Lint & Test (Ubuntu)	Run unit tests	2025-10-29T23:34:04.4778317Z FAILED development/tests/unit/test_enhanced_ai_features_tdd_iteration_5.py::TestContextualIntelligenceProcessor::test_contextual_intelligence_initialization - AssertionError: ImportError not raised
Lint & Test (Ubuntu)	Run unit tests	2025-10-29T23:34:04.4778850Z FAILED development/tests/unit/test_enhanced_ai_features_tdd_iteration_5.py::TestContextualIntelligenceProcessor::test_domain_context_understanding - AssertionError: AttributeError not raised
Lint & Test (Ubuntu)	Run unit tests	2025-10-29T23:34:04.4779668Z FAILED development/tests/unit/test_enhanced_ai_features_tdd_iteration_5.py::TestContextualIntelligenceProcessor::test_note_content_analysis_for_tag_suggestions - AssertionError: 'ci-cd' not found in ['docker-containers', 'containerization', 'kubernetes', 'container-orchestration', 'monitoring']
Lint & Test (Ubuntu)	Run unit tests	2025-10-29T23:34:04.4780210Z FAILED development/tests/unit/test_enhanced_ai_features_tdd_iteration_5.py::TestContextualIntelligenceProcessor::test_relationship_based_suggestions - AssertionError: AttributeError not raised
Lint & Test (Ubuntu)	Run unit tests	2025-10-29T23:34:04.4780742Z FAILED development/tests/unit/test_enhanced_ai_features_tdd_iteration_5.py::TestInteractiveWorkflowIntegrator::test_analytics_dashboard_integration - AssertionError: AttributeError not raised
Lint & Test (Ubuntu)	Run unit tests	2025-10-29T23:34:04.4781321Z FAILED development/tests/unit/test_enhanced_ai_features_tdd_iteration_5.py::TestInteractiveWorkflowIntegrator::test_interactive_workflow_integrator_initialization - AssertionError: ImportError not raised
Lint & Test (Ubuntu)	Run unit tests	2025-10-29T23:34:04.4781861Z FAILED development/tests/unit/test_enhanced_ai_features_tdd_iteration_5.py::TestInteractiveWorkflowIntegrator::test_user_feedback_collection_integration - AssertionError: AttributeError not raised
Lint & Test (Ubuntu)	Run unit tests	2025-10-29T23:34:04.4782387Z FAILED development/tests/unit/test_enhanced_ai_features_tdd_iteration_5.py::TestInteractiveWorkflowIntegrator::test_weekly_review_integration - AssertionError: AttributeError not raised
Lint & Test (Ubuntu)	Run unit tests	2025-10-29T23:34:04.4782888Z FAILED development/tests/unit/test_enhanced_ai_features_tdd_iteration_5.py::TestRealDataValidator::test_711_tag_dataset_processing - AssertionError: 0.8422 not greater than or equal to 0.9
Lint & Test (Ubuntu)	Run unit tests	2025-10-29T23:34:04.4783440Z FAILED development/tests/unit/test_enhanced_ai_features_tdd_iteration_5.py::TestRealDataValidator::test_backwards_compatibility - ValueError: Inbox directory does not exist: /tmp/Inbox
Lint & Test (Ubuntu)	Run unit tests	2025-10-29T23:34:04.4783952Z FAILED development/tests/unit/test_enhanced_ai_features_tdd_iteration_5.py::TestRealDataValidator::test_integration_with_existing_cli - ValueError: Inbox directory does not exist: /tmp/Inbox
Lint & Test (Ubuntu)	Run unit tests	2025-10-29T23:34:04.4784462Z FAILED development/tests/unit/test_enhanced_ai_features_tdd_iteration_5.py::TestRealDataValidator::test_performance_scaling_validation - AssertionError: 0.72 not greater than or equal to 0.9
Lint & Test (Ubuntu)	Run unit tests	2025-10-29T23:34:04.4784941Z FAILED development/tests/unit/test_enhanced_ai_features_tdd_iteration_5.py::TestRealDataValidator::test_real_data_validator_initialization - AssertionError: ImportError not raised
Lint & Test (Ubuntu)	Run unit tests	2025-10-29T23:34:04.4785501Z FAILED development/tests/unit/test_enhanced_ai_tag_cleanup_deployment.py::TestTagCleanupValidation::test_cleanup_validation_system - AssertionError: 16 not less than or equal to 10
Lint & Test (Ubuntu)	Run unit tests	2025-10-29T23:34:04.4785966Z FAILED development/tests/unit/test_enhanced_ai_tag_cleanup_deployment.py::TestTagCleanupValidation::test_rollback_capability_validation - AssertionError: False is not true
Lint & Test (Ubuntu)	Run unit tests	2025-10-29T23:34:04.4786554Z FAILED development/tests/unit/test_enhanced_ai_tag_cleanup_deployment.py::TestTagPollutionPrevention::test_ai_tag_generation_sanitization - AssertionError: (<class 'ImportError'>, <class 'AttributeError'>) not raised
Lint & Test (Ubuntu)	Run unit tests	2025-10-29T23:34:04.4787138Z FAILED development/tests/unit/test_enhanced_ai_tag_cleanup_deployment.py::TestTagPollutionPrevention::test_template_tag_sanitization - AssertionError: (<class 'ImportError'>, <class 'AttributeError'>) not raised
Lint & Test (Ubuntu)	Run unit tests	2025-10-29T23:34:04.4787810Z FAILED development/tests/unit/test_enhanced_ai_tag_cleanup_deployment.py::TestTagPollutionPrevention::test_weekly_review_tag_sanitization - AssertionError: (<class 'ImportError'>, <class 'AttributeError'>) not raised
Lint & Test (Ubuntu)	Run unit tests	2025-10-29T23:34:04.4788445Z FAILED development/tests/unit/test_enhanced_ai_tag_cleanup_deployment.py::TestCleanupDeploymentIntegration::test_performance_monitoring_integration - AssertionError: (<class 'ImportError'>, <class 'AttributeError'>) not raised
Lint & Test (Ubuntu)	Run unit tests	2025-10-29T23:34:04.4789032Z FAILED development/tests/unit/test_enhanced_ai_tag_cleanup_deployment.py::TestCleanupDeploymentIntegration::test_workflow_manager_integration - ValueError: Inbox directory does not exist: /tmp/tmpdpq7bx4_/Inbox
Lint & Test (Ubuntu)	Run unit tests	2025-10-29T23:34:04.4789538Z FAILED development/tests/unit/test_evening_screenshot_cli_tdd_2.py::TestEveningScreenshotCLIIntegration::test_evening_screenshots_processor_integration - assert (1 == 0 or 1 is None)
Lint & Test (Ubuntu)	Run unit tests	2025-10-29T23:34:04.4790037Z FAILED development/tests/unit/test_evening_screenshot_cli_tdd_2.py::TestEveningScreenshotCLIIntegration::test_evening_screenshots_output_formatting - assert (1 == 0 or 1 is None)
Lint & Test (Ubuntu)	Run unit tests	2025-10-29T23:34:04.4790560Z FAILED development/tests/unit/test_evening_screenshot_cli_tdd_2.py::TestEveningScreenshotCLIUtilities::test_evening_screenshot_cli_orchestrator - Failed: DID NOT RAISE <class 'ImportError'>
Lint & Test (Ubuntu)	Run unit tests	2025-10-29T23:34:04.4791042Z FAILED development/tests/unit/test_evening_screenshot_cli_tdd_2.py::TestEveningScreenshotCLIUtilities::test_cli_progress_reporter - Failed: DID NOT RAISE <class 'ImportError'>
Lint & Test (Ubuntu)	Run unit tests	2025-10-29T23:34:04.4791530Z FAILED development/tests/unit/test_evening_screenshot_cli_tdd_2.py::TestEveningScreenshotCLIUtilities::test_configuration_manager - Failed: DID NOT RAISE <class 'ImportError'>
Lint & Test (Ubuntu)	Run unit tests	2025-10-29T23:34:04.4792065Z FAILED development/tests/unit/test_evening_screenshot_cli_tdd_4.py::TestEveningScreenshotCLIIntegrationTDD4::test_evening_screenshots_command_execution_integration - assert None is not None
Lint & Test (Ubuntu)	Run unit tests	2025-10-29T23:34:04.4792709Z FAILED development/tests/unit/test_evening_screenshot_cli_tdd_4.py::TestEveningScreenshotCLIIntegrationTDD4::test_interactive_progress_reporting_with_eta_calculations - AssertionError: ETA margin 100.00% exceeds 15% tolerance
Lint & Test (Ubuntu)	Run unit tests	2025-10-29T23:34:04.4793956Z FAILED development/tests/unit/test_evening_screenshot_cli_tdd_4.py::TestEveningScreenshotCLIIntegrationTDD4::test_comprehensive_error_handling_with_user_guidance - ImportError: cannot import name 'ErrorHandlingManager' from 'src.cli.evening_screenshot_cli_utils' (/home/runner/work/inneros-zettelkasten/inneros-zettelkasten/development/src/cli/evening_screenshot_cli_utils.py)
Lint & Test (Ubuntu)	Run unit tests	2025-10-29T23:34:04.4795078Z FAILED development/tests/unit/test_evening_screenshot_cli_tdd_4.py::TestEveningScreenshotCLIIntegrationTDD4::test_real_samsung_screenshot_batch_processing_performance - ImportError: cannot import name 'PerformanceValidator' from 'src.cli.evening_screenshot_cli_utils' (/home/runner/work/inneros-zettelkasten/inneros-zettelkasten/development/src/cli/evening_screenshot_cli_utils.py)
Lint & Test (Ubuntu)	Run unit tests	2025-10-29T23:34:04.4796284Z FAILED development/tests/unit/test_evening_screenshot_cli_tdd_4.py::TestEveningScreenshotCLIIntegrationTDD4::test_advanced_configuration_management_and_persistence - ImportError: cannot import name 'AdvancedConfigurationManager' from 'src.cli.evening_screenshot_cli_utils' (/home/runner/work/inneros-zettelkasten/inneros-zettelkasten/development/src/cli/evening_screenshot_cli_utils.py)
Lint & Test (Ubuntu)	Run unit tests	2025-10-29T23:34:04.4797372Z FAILED development/tests/unit/test_evening_screenshot_cli_tdd_4.py::TestEveningScreenshotCLIIntegrationTDD4::test_export_functionality_json_csv_automation_integration - ImportError: cannot import name 'ExportManager' from 'src.cli.evening_screenshot_cli_utils' (/home/runner/work/inneros-zettelkasten/inneros-zettelkasten/development/src/cli/evening_screenshot_cli_utils.py)
Lint & Test (Ubuntu)	Run unit tests	2025-10-29T23:34:04.4798621Z FAILED development/tests/unit/test_evening_screenshot_cli_tdd_4.py::TestEveningScreenshotCLIIntegrationTDD4::test_smart_link_management_integration_automatic_connection_discovery - ImportError: cannot import name 'SmartLinkIntegrationManager' from 'src.cli.evening_screenshot_cli_utils' (/home/runner/work/inneros-zettelkasten/inneros-zettelkasten/development/src/cli/evening_screenshot_cli_utils.py)
Lint & Test (Ubuntu)	Run unit tests	2025-10-29T23:34:04.4799758Z FAILED development/tests/unit/test_evening_screenshot_cli_tdd_4.py::TestEveningScreenshotCLIIntegrationTDD4::test_performance_optimization_memory_monitoring_batch_processing - ImportError: cannot import name 'PerformanceOptimizer' from 'src.cli.evening_screenshot_cli_utils' (/home/runner/work/inneros-zettelkasten/inneros-zettelkasten/development/src/cli/evening_screenshot_cli_utils.py)
Lint & Test (Ubuntu)	Run unit tests	2025-10-29T23:34:04.4800858Z FAILED development/tests/unit/test_evening_screenshot_cli_tdd_4.py::TestEveningScreenshotCLIIntegrationTDD4::test_weekly_review_system_compatibility_integration - ImportError: cannot import name 'WeeklyReviewIntegrator' from 'src.cli.evening_screenshot_cli_utils' (/home/runner/work/inneros-zettelkasten/inneros-zettelkasten/development/src/cli/evening_screenshot_cli_utils.py)
Lint & Test (Ubuntu)	Run unit tests	2025-10-29T23:34:04.4801700Z FAILED development/tests/unit/test_evening_screenshot_real_data_tdd_3.py::TestEveningScreenshotRealDataProcessingTDD3::test_batch_processing_performance_under_10_minutes_target - AttributeError: 'EveningScreenshotProcessor' object has no attribute 'process_batch_with_performance_tracking'
Lint & Test (Ubuntu)	Run unit tests	2025-10-29T23:34:04.4802457Z FAILED development/tests/unit/test_evening_screenshot_real_data_tdd_3.py::TestEveningScreenshotRealDataProcessingTDD3::test_comprehensive_error_recovery_with_rollback - AttributeError: 'EveningScreenshotProcessor' object has no attribute 'get_recovery_status'
Lint & Test (Ubuntu)	Run unit tests	2025-10-29T23:34:04.4803292Z FAILED development/tests/unit/test_evening_screenshot_real_data_tdd_3.py::TestEveningScreenshotRealDataProcessingTDD3::test_daily_note_ocr_text_organization_and_structure - AttributeError: 'EveningScreenshotProcessor' object has no attribute 'organize_ocr_text_by_timestamp'
Lint & Test (Ubuntu)	Run unit tests	2025-10-29T23:34:04.4804103Z FAILED development/tests/unit/test_evening_screenshot_real_data_tdd_3.py::TestEveningScreenshotRealDataProcessingTDD3::test_daily_note_smart_link_integration_preparation - AttributeError: 'EveningScreenshotProcessor' object has no attribute 'prepare_for_smart_link_integration'
Lint & Test (Ubuntu)	Run unit tests	2025-10-29T23:34:04.4804895Z FAILED development/tests/unit/test_evening_screenshot_real_data_tdd_3.py::TestEveningScreenshotRealDataProcessingTDD3::test_memory_usage_optimization_during_batch_processing - AttributeError: 'EveningScreenshotProcessor' object has no attribute 'process_with_memory_monitoring'
Lint & Test (Ubuntu)	Run unit tests	2025-10-29T23:34:04.4805446Z FAILED development/tests/unit/test_evening_screenshot_real_data_tdd_3.py::TestEveningScreenshotRealDataProcessingTDD3::test_ocr_failure_handling_and_graceful_degradation - AssertionError: 0 != 5
Lint & Test (Ubuntu)	Run unit tests	2025-10-29T23:34:04.4806236Z FAILED development/tests/unit/test_evening_screenshot_real_data_tdd_3.py::TestEveningScreenshotRealDataProcessingTDD3::test_ocr_quality_assessment_and_confidence_scoring - AttributeError: 'EveningScreenshotProcessor' object has no attribute 'process_with_quality_assessment'
Lint & Test (Ubuntu)	Run unit tests	2025-10-29T23:34:04.4807097Z FAILED development/tests/unit/test_evening_screenshot_real_data_tdd_3.py::TestEveningScreenshotRealDataProcessingTDD3::test_partial_failure_handling_with_continuation - AttributeError: 'EveningScreenshotProcessor' object has no attribute 'process_with_partial_failure_handling'
Lint & Test (Ubuntu)	Run unit tests	2025-10-29T23:34:04.4807895Z FAILED development/tests/unit/test_evening_screenshot_real_data_tdd_3.py::TestEveningScreenshotRealDataProcessingTDD3::test_progress_reporting_accuracy_and_eta_calculation - AttributeError: 'EveningScreenshotProcessor' object has no attribute 'process_with_progress_reporting'
Lint & Test (Ubuntu)	Run unit tests	2025-10-29T23:34:04.4808684Z FAILED development/tests/unit/test_evening_screenshot_real_data_tdd_3.py::TestEveningScreenshotRealDataProcessingTDD3::test_real_daily_note_generation_with_yaml_frontmatter - AttributeError: 'EveningScreenshotProcessor' object has no attribute 'generate_daily_note_with_images'
Lint & Test (Ubuntu)	Run unit tests	2025-10-29T23:34:04.4809518Z FAILED development/tests/unit/test_evening_screenshot_real_data_tdd_3.py::TestEveningScreenshotRealDataProcessingTDD3::test_real_file_accessibility_and_permissions - AttributeError: 'EveningScreenshotProcessor' object has no attribute 'validate_file_accessibility'
Lint & Test (Ubuntu)	Run unit tests	2025-10-29T23:34:04.4810258Z FAILED development/tests/unit/test_evening_screenshot_real_data_tdd_3.py::TestEveningScreenshotRealDataProcessingTDD3::test_real_llama_vision_ocr_integration - AttributeError: 'EveningScreenshotProcessor' object has no attribute 'process_screenshots_with_ocr'
Lint & Test (Ubuntu)	Run unit tests	2025-10-29T23:34:04.4811056Z FAILED development/tests/unit/test_evening_screenshot_real_data_tdd_3.py::TestEveningScreenshotRealDataProcessingTDD3::test_real_onedrive_screenshot_detection_and_validation - AssertionError: Lists differ: ['145130', '144015', '143045', '142030', '141520'] != ['141520', '142030', '143045', '144015', '145130']
Lint & Test (Ubuntu)	Run unit tests	2025-10-29T23:34:04.4812309Z FAILED development/tests/unit/test_evening_screenshot_real_data_tdd_3.py::TestEveningScreenshotRealDataProcessingTDD3::test_real_onedrive_sync_status_validation - AttributeError: 'EveningScreenshotProcessor' object has no attribute 'check_onedrive_sync_status'
Lint & Test (Ubuntu)	Run unit tests	2025-10-29T23:34:04.4813059Z FAILED development/tests/unit/test_evening_screenshot_real_data_tdd_3.py::TestEveningScreenshotRealDataProcessingTDD3::test_user_guidance_for_common_error_scenarios - AttributeError: 'EveningScreenshotProcessor' object has no attribute 'generate_user_guidance'
Lint & Test (Ubuntu)	Run unit tests	2025-10-29T23:34:04.4813737Z FAILED development/tests/unit/test_fleeting_analysis_coordinator.py::TestWorkflowManagerDelegation::test_workflow_manager_delegates_analyze_fleeting_notes - ValueError: Inbox directory does not exist: /tmp/tmpalvc7_up/Inbox
Lint & Test (Ubuntu)	Run unit tests	2025-10-29T23:34:04.4814350Z FAILED development/tests/unit/test_fleeting_analysis_coordinator.py::TestWorkflowManagerDelegation::test_workflow_manager_delegates_health_report - ValueError: Inbox directory does not exist: /tmp/tmphe08eq7o/Inbox
Lint & Test (Ubuntu)	Run unit tests	2025-10-29T23:34:04.4814856Z FAILED development/tests/unit/test_fleeting_cli.py::TestDedicatedFleetingCLI::test_fleeting_health_command_execution - ValueError: Inbox directory does not exist: /tmp/tmpmv3l0afz/Inbox
Lint & Test (Ubuntu)	Run unit tests	2025-10-29T23:34:04.4815361Z FAILED development/tests/unit/test_fleeting_cli.py::TestDedicatedFleetingCLI::test_fleeting_triage_command_execution - ValueError: Inbox directory does not exist: /tmp/tmpv9tjmcdb/Inbox
Lint & Test (Ubuntu)	Run unit tests	2025-10-29T23:34:04.4815851Z FAILED development/tests/unit/test_fleeting_cli.py::TestDedicatedFleetingCLI::test_bug_3_fixed_no_attributeerror - ValueError: Inbox directory does not exist: /tmp/tmp_sqcke6h/Inbox
Lint & Test (Ubuntu)	Run unit tests	2025-10-29T23:34:04.4816389Z FAILED development/tests/unit/test_fleeting_lifecycle.py::TestFleetingLifecycle::test_analyze_fleeting_notes_age_categorization - ValueError: Inbox directory does not exist: /tmp/tmpktde_kg_/Inbox
Lint & Test (Ubuntu)	Run unit tests	2025-10-29T23:34:04.4816985Z FAILED development/tests/unit/test_fleeting_lifecycle.py::TestFleetingLifecycle::test_analyze_fleeting_notes_empty_directory - ValueError: Inbox directory does not exist: /tmp/tmpo5lg4rx_/Inbox
Lint & Test (Ubuntu)	Run unit tests	2025-10-29T23:34:04.4817537Z FAILED development/tests/unit/test_fleeting_lifecycle.py::TestFleetingLifecycle::test_analyze_fleeting_notes_identifies_oldest_newest - ValueError: Inbox directory does not exist: /tmp/tmp6g1fhtdf/Inbox
Lint & Test (Ubuntu)	Run unit tests	2025-10-29T23:34:04.4818051Z FAILED development/tests/unit/test_fleeting_lifecycle.py::TestFleetingLifecycle::test_analyze_fleeting_notes_performance - ValueError: Inbox directory does not exist: /tmp/tmpg49rk8sb/Inbox
Lint & Test (Ubuntu)	Run unit tests	2025-10-29T23:34:04.4818626Z FAILED development/tests/unit/test_fleeting_lifecycle.py::TestFleetingLifecycle::test_fleeting_analysis_data_structure - ValueError: Inbox directory does not exist: /tmp/tmpnzbhtlsn/Inbox
Lint & Test (Ubuntu)	Run unit tests	2025-10-29T23:34:04.4819157Z FAILED development/tests/unit/test_fleeting_lifecycle.py::TestFleetingLifecycle::test_fleeting_health_report_attention_status - ValueError: Inbox directory does not exist: /tmp/tmpe5dx2l_p/Inbox
Lint & Test (Ubuntu)	Run unit tests	2025-10-29T23:34:04.4819680Z FAILED development/tests/unit/test_fleeting_lifecycle.py::TestFleetingLifecycle::test_fleeting_health_report_critical_status - ValueError: Inbox directory does not exist: /tmp/tmpns4lgjkh/Inbox
Lint & Test (Ubuntu)	Run unit tests	2025-10-29T23:34:04.4820203Z FAILED development/tests/unit/test_fleeting_lifecycle.py::TestFleetingLifecycle::test_fleeting_health_report_healthy_status - ValueError: Inbox directory does not exist: /tmp/tmpg0y8geiv/Inbox
Lint & Test (Ubuntu)	Run unit tests	2025-10-29T23:34:04.4820727Z FAILED development/tests/unit/test_fleeting_lifecycle.py::TestFleetingLifecycle::test_fleeting_health_report_lists_oldest_notes - ValueError: Inbox directory does not exist: /tmp/tmpyxuhzq4_/Inbox
Lint & Test (Ubuntu)	Run unit tests	2025-10-29T23:34:04.4821254Z FAILED development/tests/unit/test_fleeting_lifecycle.py::TestFleetingLifecycle::test_fleeting_health_report_recommendations - ValueError: Inbox directory does not exist: /tmp/tmpn1lq2ckc/Inbox
Lint & Test (Ubuntu)	Run unit tests	2025-10-29T23:34:04.4821790Z FAILED development/tests/unit/test_fleeting_lifecycle.py::TestFleetingLifecycle::test_generate_fleeting_health_report_structure - ValueError: Inbox directory does not exist: /tmp/tmpu415eja8/Inbox
Lint & Test (Ubuntu)	Run unit tests	2025-10-29T23:34:04.4822205Z FAILED development/tests/unit/test_fleeting_lifecycle_cli.py::TestFleetingHealthCLI::test_fleeting_health_argument_parsing - AssertionError: assert 1 == 0
Lint & Test (Ubuntu)	Run unit tests	2025-10-29T23:34:04.4823371Z FAILED development/tests/unit/test_fleeting_lifecycle_cli.py::TestFleetingHealthCLI::test_fleeting_health_basic_output - AssertionError: assert 1 == 0
Lint & Test (Ubuntu)	Run unit tests	2025-10-29T23:34:04.4824468Z FAILED development/tests/unit/test_fleeting_lifecycle_cli.py::TestFleetingHealthCLI::test_fleeting_health_with_json_format - AssertionError: assert 1 == 0
Lint & Test (Ubuntu)	Run unit tests	2025-10-29T23:34:04.4825526Z FAILED development/tests/unit/test_fleeting_lifecycle_cli.py::TestFleetingHealthCLI::test_fleeting_health_empty_vault - AssertionError: assert 1 == 0
Lint & Test (Ubuntu)	Run unit tests	2025-10-29T23:34:04.4826665Z FAILED development/tests/unit/test_fleeting_lifecycle_cli.py::TestFleetingHealthCLI::test_fleeting_health_performance - AssertionError: assert 1 == 0
Lint & Test (Ubuntu)	Run unit tests	2025-10-29T23:34:04.4827726Z FAILED development/tests/unit/test_fleeting_lifecycle_cli.py::TestFleetingHealthCLI::test_fleeting_health_with_export - AssertionError: assert 1 == 0
Lint & Test (Ubuntu)	Run unit tests	2025-10-29T23:34:04.4828937Z FAILED development/tests/unit/test_fleeting_lifecycle_cli.py::TestFleetingHealthIntegration::test_cli_output_formatting_matches_other_commands - AssertionError: assert 1 == 0
Lint & Test (Ubuntu)	Run unit tests	2025-10-29T23:34:04.4829967Z FAILED development/tests/unit/test_fleeting_promotion_cli.py::TestFleetingPromotionCLI::test_promote_note_batch_processing - assert 1 == 0
Lint & Test (Ubuntu)	Run unit tests	2025-10-29T23:34:04.4831519Z FAILED development/tests/unit/test_fleeting_promotion_cli.py::TestFleetingPromotionCLI::test_promote_note_json_format - json.decoder.JSONDecodeError: Expecting value: line 2 column 1 (char 1)
Lint & Test (Ubuntu)	Run unit tests	2025-10-29T23:34:04.4833187Z FAILED development/tests/unit/test_fleeting_promotion_cli.py::TestFleetingPromotionCLI::test_promote_note_preview_mode - assert ('preview' in '\n======================================================================\n  deprecation warning: workflow_demo.py\n...motion summary\n----------------------------------------\n   total notes processed: 0\n     no notes were promoted\n' or 'would' in '\n======================================================================\n  deprecation warning: workflow_demo.py\n...motion summary\n----------------------------------------\n   total notes processed: 0\n     no notes were promoted\n')
Lint & Test (Ubuntu)	Run unit tests	2025-10-29T23:34:04.4839197Z FAILED development/tests/unit/test_fleeting_promotion_cli.py::TestFleetingPromotionCLI::test_promote_note_error_handling - assert 0 != 0
Lint & Test (Ubuntu)	Run unit tests	2025-10-29T23:34:04.4840408Z FAILED development/tests/unit/test_fleeting_promotion_cli.py::TestFleetingPromotionCLI::test_promote_note_file_operations_safety - assert 0 >= 1
Lint & Test (Ubuntu)	Run unit tests	2025-10-29T23:34:04.4840862Z FAILED development/tests/unit/test_fleeting_promotion_cli.py::TestFleetingPromotionCLI::test_promote_note_metadata_updates - assert 0 >= 1
Lint & Test (Ubuntu)	Run unit tests	2025-10-29T23:34:04.4841376Z FAILED development/tests/unit/test_fleeting_promotion_cli.py::TestFleetingPromotionCLI::test_promote_note_integration_with_triage - AssertionError: assert 1 == 0
Lint & Test (Ubuntu)	Run unit tests	2025-10-29T23:34:04.4842541Z FAILED development/tests/unit/test_fleeting_promotion_cli.py::TestFleetingPromotionIntegration::test_promotion_does_not_break_existing_commands - AssertionError: assert 1 == 0
Lint & Test (Ubuntu)	Run unit tests	2025-10-29T23:34:04.4843808Z FAILED development/tests/unit/test_fleeting_triage_cli.py::TestFleetingTriageCLI::test_fleeting_triage_argument_parsing - AssertionError: Command failed with code 1: Traceback (most recent call last):
Lint & Test (Ubuntu)	Run unit tests	2025-10-29T23:34:04.4847530Z FAILED development/tests/unit/test_fleeting_triage_cli.py::TestFleetingTriageCLI::test_fleeting_triage_basic_output - AssertionError: assert 1 == 0
Lint & Test (Ubuntu)	Run unit tests	2025-10-29T23:34:04.4848613Z FAILED development/tests/unit/test_fleeting_triage_cli.py::TestFleetingTriageCLI::test_fleeting_triage_with_quality_threshold - AssertionError: assert 1 == 0
Lint & Test (Ubuntu)	Run unit tests	2025-10-29T23:34:04.4849666Z FAILED development/tests/unit/test_fleeting_triage_cli.py::TestFleetingTriageCLI::test_fleeting_triage_json_format - AssertionError: assert 1 == 0
Lint & Test (Ubuntu)	Run unit tests	2025-10-29T23:34:04.4850755Z FAILED development/tests/unit/test_fleeting_triage_cli.py::TestFleetingTriageCLI::test_fleeting_triage_export_functionality - AssertionError: assert 1 == 0
Lint & Test (Ubuntu)	Run unit tests	2025-10-29T23:34:04.4851849Z FAILED development/tests/unit/test_fleeting_triage_cli.py::TestFleetingTriageCLI::test_fleeting_triage_batch_processing_performance - AssertionError: assert 1 == 0
Lint & Test (Ubuntu)	Run unit tests	2025-10-29T23:34:04.4852935Z FAILED development/tests/unit/test_fleeting_triage_cli.py::TestFleetingTriageCLI::test_fleeting_triage_integration_with_ai_workflow - AssertionError: assert 1 == 0
Lint & Test (Ubuntu)	Run unit tests	2025-10-29T23:34:04.4854128Z FAILED development/tests/unit/test_fleeting_triage_cli.py::TestFleetingTriageIntegration::test_triage_does_not_break_existing_commands - AssertionError: assert 1 == 0
Lint & Test (Ubuntu)	Run unit tests	2025-10-29T23:34:04.4855350Z FAILED development/tests/unit/test_fleeting_triage_cli.py::TestFleetingTriageIntegration::test_triage_follows_cli_output_formatting_patterns - AssertionError: assert 1 == 0
Lint & Test (Ubuntu)	Run unit tests	2025-10-29T23:34:04.4856792Z FAILED development/tests/unit/test_individual_screenshot_processing_tdd_5.py::TestIndividualScreenshotProcessingTDD5::test_contextual_filename_generation_from_ocr_content - AttributeError: 'EveningScreenshotProcessor' object has no attribute 'generate_contextual_filename'
Lint & Test (Ubuntu)	Run unit tests	2025-10-29T23:34:04.4857678Z FAILED development/tests/unit/test_individual_screenshot_processing_tdd_5.py::TestIndividualScreenshotProcessingTDD5::test_enhanced_progress_reporting_individual_creation - AttributeError: 'EveningScreenshotProcessor' object has no attribute 'process_with_individual_progress_reporting'
Lint & Test (Ubuntu)	Run unit tests	2025-10-29T23:34:04.4858429Z FAILED development/tests/unit/test_individual_screenshot_processing_tdd_5.py::TestIndividualScreenshotProcessingTDD5::test_fallback_description_strategies - AttributeError: 'EveningScreenshotProcessor' object has no attribute 'generate_fallback_description'
Lint & Test (Ubuntu)	Run unit tests	2025-10-29T23:34:04.4859024Z FAILED development/tests/unit/test_individual_screenshot_processing_tdd_5.py::TestIndividualScreenshotProcessingTDD5::test_generate_individual_capture_notes_method_exists - AssertionError: False is not true
Lint & Test (Ubuntu)	Run unit tests	2025-10-29T23:34:04.4859850Z FAILED development/tests/unit/test_individual_screenshot_processing_tdd_5.py::TestIndividualScreenshotProcessingTDD5::test_individual_capture_note_generation_core_functionality - AttributeError: 'EveningScreenshotProcessor' object has no attribute 'generate_individual_capture_notes'
Lint & Test (Ubuntu)	Run unit tests	2025-10-29T23:34:04.4860665Z FAILED development/tests/unit/test_individual_screenshot_processing_tdd_5.py::TestIndividualScreenshotProcessingTDD5::test_individual_screenshot_error_handling_recovery - AttributeError: 'EveningScreenshotProcessor' object has no attribute 'process_individual_with_error_recovery'
Lint & Test (Ubuntu)	Run unit tests	2025-10-29T23:34:04.4861453Z FAILED development/tests/unit/test_individual_screenshot_processing_tdd_5.py::TestIndividualScreenshotProcessingTDD5::test_intelligent_description_extraction_from_content - AttributeError: 'EveningScreenshotProcessor' object has no attribute 'extract_intelligent_description'
Lint & Test (Ubuntu)	Run unit tests	2025-10-29T23:34:04.4862258Z FAILED development/tests/unit/test_individual_screenshot_processing_tdd_5.py::TestIndividualScreenshotProcessingTDD5::test_optimized_individual_processing_pipeline - AttributeError: 'EveningScreenshotProcessor' object has no attribute 'process_screenshots_individually_optimized'
Lint & Test (Ubuntu)	Run unit tests	2025-10-29T23:34:04.4863035Z FAILED development/tests/unit/test_individual_screenshot_processing_tdd_5.py::TestIndividualScreenshotProcessingTDD5::test_rich_ocr_context_analysis_structure - AttributeError: 'EveningScreenshotProcessor' object has no attribute 'analyze_screenshot_with_rich_context'
Lint & Test (Ubuntu)	Run unit tests	2025-10-29T23:34:04.4863878Z FAILED development/tests/unit/test_individual_screenshot_processing_tdd_5.py::TestIndividualScreenshotProcessingTDD5::test_smart_link_integration_for_individual_notes - AttributeError: 'EveningScreenshotProcessor' object has no attribute 'suggest_smart_links_for_individual_note'
Lint & Test (Ubuntu)	Run unit tests	2025-10-29T23:34:04.4864667Z FAILED development/tests/unit/test_individual_screenshot_processing_tdd_5.py::TestIndividualScreenshotProcessingTDD5::test_template_based_individual_note_structure - AttributeError: 'EveningScreenshotProcessor' object has no attribute 'generate_template_based_note_content'
Lint & Test (Ubuntu)	Run unit tests	2025-10-29T23:34:04.4865030Z FAILED development/tests/unit/test_promotion_engine.py::TestSingleNotePromotion::test_promote_note_to_permanent - KeyError: 'success'
Lint & Test (Ubuntu)	Run unit tests	2025-10-29T23:34:04.4865494Z FAILED development/tests/unit/test_promotion_engine.py::TestSingleNotePromotion::test_promote_note_to_literature - KeyError: 'success'
Lint & Test (Ubuntu)	Run unit tests	2025-10-29T23:34:04.4865851Z FAILED development/tests/unit/test_promotion_engine.py::TestAutoPromotion::test_auto_promote_ready_notes_scans_inbox - assert 0 == 1
Lint & Test (Ubuntu)	Run unit tests	2025-10-29T23:34:04.4866178Z FAILED development/tests/unit/test_promotion_engine.py::TestAutoPromotion::test_auto_promote_tracks_by_type - assert 0 == 1
Lint & Test (Ubuntu)	Run unit tests	2025-10-29T23:34:04.4866586Z FAILED development/tests/unit/test_real_connection_integration.py::TestAIConnectionsIntegration::test_real_note_loading_integration - assert 0 > 0
Lint & Test (Ubuntu)	Run unit tests	2025-10-29T23:34:04.4867118Z FAILED development/tests/unit/test_real_connection_integration.py::TestCLIRealConnectionIntegration::test_handle_suggest_links_with_real_connections - SystemExit: 1
Lint & Test (Ubuntu)	Run unit tests	2025-10-29T23:34:04.4867660Z FAILED development/tests/unit/test_real_connection_integration.py::TestCLIRealConnectionIntegration::test_real_performance_with_actual_vault - SystemExit: 1
Lint & Test (Ubuntu)	Run unit tests	2025-10-29T23:34:04.4868081Z FAILED development/tests/unit/test_real_connection_integration.py::TestEndToEndWorkflow::test_complete_workflow_real_notes_to_suggestions - assert 0 >= 1
Lint & Test (Ubuntu)	Run unit tests	2025-10-29T23:34:04.4868702Z FAILED development/tests/unit/test_safe_image_processor.py::TestSafeImageProcessorRedPhase::test_concurrent_processing_safety_fails - Failed: DID NOT RAISE (<class 'AttributeError'>, <class 'TypeError'>)
Lint & Test (Ubuntu)	Run unit tests	2025-10-29T23:34:04.4869309Z FAILED development/tests/unit/test_safe_image_processor.py::TestSafeImageProcessorRedPhase::test_backup_session_lifecycle_fails - Failed: DID NOT RAISE (<class 'ImportError'>, <class 'AttributeError'>, <class 'TypeError'>)
Lint & Test (Ubuntu)	Run unit tests	2025-10-29T23:34:04.4869858Z FAILED development/tests/unit/test_safe_image_processor.py::TestSafeImageProcessorRedPhase::test_backup_integrity_validation_fails - Failed: DID NOT RAISE (<class 'AttributeError'>, <class 'TypeError'>)
Lint & Test (Ubuntu)	Run unit tests	2025-10-29T23:34:04.4870473Z FAILED development/tests/unit/test_safe_image_processor.py::TestSafeImageProcessorRedPhase::test_processing_result_structure_fails - Failed: DID NOT RAISE (<class 'ImportError'>, <class 'AttributeError'>, <class 'TypeError'>)
Lint & Test (Ubuntu)	Run unit tests	2025-10-29T23:34:04.4870926Z FAILED development/tests/unit/test_safe_image_processor.py::TestSafeImageProcessorRedPhase::test_error_handling_and_recovery_fails - PermissionError: Simulated error
Lint & Test (Ubuntu)	Run unit tests	2025-10-29T23:34:04.4871593Z FAILED development/tests/unit/test_safe_workflow_cli.py::TestSafeWorkflowCLIIntegration::test_cli_process_inbox_safe_command_works - FileNotFoundError: [Errno 2] No such file or directory: '/Users/thaddius/repos/inneros-zettelkasten/development'
Lint & Test (Ubuntu)	Run unit tests	2025-10-29T23:34:04.4872262Z FAILED development/tests/unit/test_safe_workflow_cli.py::TestSafeWorkflowCLIIntegration::test_cli_batch_process_safe_command_fails - FileNotFoundError: [Errno 2] No such file or directory: '/Users/thaddius/repos/inneros-zettelkasten/development'
Lint & Test (Ubuntu)	Run unit tests	2025-10-29T23:34:04.4872930Z FAILED development/tests/unit/test_safe_workflow_cli.py::TestSafeWorkflowCLIIntegration::test_cli_concurrent_sessions_command_fails - FileNotFoundError: [Errno 2] No such file or directory: '/Users/thaddius/repos/inneros-zettelkasten/development'
Lint & Test (Ubuntu)	Run unit tests	2025-10-29T23:34:04.4873658Z FAILED development/tests/unit/test_safe_workflow_cli.py::TestSafeWorkflowCLIIntegration::test_cli_performance_metrics_integration_fails - FileNotFoundError: [Errno 2] No such file or directory: '/Users/thaddius/repos/inneros-zettelkasten/development'
Lint & Test (Ubuntu)	Run unit tests	2025-10-29T23:34:04.4874313Z FAILED development/tests/unit/test_safe_workflow_cli.py::TestSafeWorkflowCLIIntegration::test_cli_integrity_report_command_fails - FileNotFoundError: [Errno 2] No such file or directory: '/Users/thaddius/repos/inneros-zettelkasten/development'
Lint & Test (Ubuntu)	Run unit tests	2025-10-29T23:34:04.4874956Z FAILED development/tests/unit/test_safe_workflow_cli.py::TestSafeWorkflowCLIIntegration::test_cli_real_vault_processing_fails - FileNotFoundError: [Errno 2] No such file or directory: '/Users/thaddius/repos/inneros-zettelkasten/development'
Lint & Test (Ubuntu)	Run unit tests	2025-10-29T23:34:04.4875686Z FAILED development/tests/unit/test_safe_workflow_cli.py::TestSafeWorkflowCLIIntegration::test_cli_performance_benchmarks_fail - FileNotFoundError: [Errno 2] No such file or directory: '/Users/thaddius/repos/inneros-zettelkasten/development'
Lint & Test (Ubuntu)	Run unit tests	2025-10-29T23:34:04.4876159Z FAILED development/tests/unit/test_safe_workflow_cli.py::TestSafeWorkflowCLIIntegration::test_cli_concurrent_processing_stress_fails - IndexError: list index out of range
Lint & Test (Ubuntu)	Run unit tests	2025-10-29T23:34:04.4876786Z FAILED development/tests/unit/test_safe_workflow_cli.py::TestSafeWorkflowCLIIntegration::test_cli_modular_architecture_fails - TypeError: CLISafeWorkflowProcessor.__init__() missing 1 required positional argument: 'vault_path'
Lint & Test (Ubuntu)	Run unit tests	2025-10-29T23:34:04.4877494Z FAILED development/tests/unit/test_safe_workflow_cli.py::TestSafeWorkflowCLIIntegration::test_cli_help_documentation_works - FileNotFoundError: [Errno 2] No such file or directory: '/Users/thaddius/repos/inneros-zettelkasten/development'
Lint & Test (Ubuntu)	Run unit tests	2025-10-29T23:34:04.4878038Z FAILED development/tests/unit/test_samsung_capture_centralized_storage_tdd_11.py::TestSamsungCaptureCentralizedStorage::test_centralization_preserves_image_quality - AssertionError: 0 != 1
Lint & Test (Ubuntu)	Run unit tests	2025-10-29T23:34:04.4879329Z FAILED development/tests/unit/test_samsung_capture_centralized_storage_tdd_11.py::TestSamsungCaptureCentralizedStorage::test_existing_workflows_continue_working - AssertionError: 'individual_note_paths' not found in {'processed_count': 0, 'daily_note_path': None, 'processing_time': 0.000246, 'tracking_stats': {'total': 0, 'already_processed': 0, 'new_screenshots': 0, 'processed_files': [], 'new_files': []}, 'skipped_count': 0} : Result should contain individual_note_paths for backward compatibility
Lint & Test (Ubuntu)	Run unit tests	2025-10-29T23:34:04.4879905Z FAILED development/tests/unit/test_samsung_capture_centralized_storage_tdd_11.py::TestSamsungCaptureCentralizedStorage::test_generated_note_uses_centralized_image_path - KeyError: 'individual_note_paths'
Lint & Test (Ubuntu)	Run unit tests	2025-10-29T23:34:04.4880705Z FAILED development/tests/unit/test_samsung_capture_centralized_storage_tdd_11.py::TestSamsungCaptureCentralizedStorage::test_new_screenshot_saved_to_centralized_attachments - AssertionError: False is not true : Month folder should be created: /tmp/tmpe760eace/knowledge/attachments/2025-10
Lint & Test (Ubuntu)	Run unit tests	2025-10-29T23:34:04.4881429Z FAILED development/tests/unit/test_samsung_capture_centralized_storage_tdd_11.py::TestSamsungCaptureCentralizedStorage::test_original_screenshot_deleted_after_centralization - AssertionError: True is not false : Original OneDrive screenshot should be deleted
Lint & Test (Ubuntu)	Run unit tests	2025-10-29T23:34:04.4881978Z FAILED development/tests/unit/test_screenshot_batch_individual_files_tdd_8.py::TestIndividualFileGeneration::test_batch_creates_individual_files - AssertionError: Expected 3 individual files, got 1
Lint & Test (Ubuntu)	Run unit tests	2025-10-29T23:34:04.4882838Z FAILED development/tests/unit/test_screenshot_batch_individual_files_tdd_8.py::TestIndividualFileGeneration::test_tracking_records_individual_note_paths - AssertionError: Expected 3 unique note paths, got 1
Lint & Test (Ubuntu)	Run unit tests	2025-10-29T23:34:04.4883712Z FAILED development/tests/unit/test_screenshot_batch_individual_files_tdd_8.py::TestIndividualProcessingPerformance::test_individual_processing_meets_performance_target - AssertionError: Expected 5 files, got 1
Lint & Test (Ubuntu)	Run unit tests	2025-10-29T23:34:04.4884647Z FAILED development/tests/unit/test_screenshot_tracking_tdd_iteration_7.py::TestEveningScreenshotProcessorIntegration::test_processor_filters_processed_screenshots - AssertionError: Integration test not yet implemented - RED phase
Lint & Test (Ubuntu)	Run unit tests	2025-10-29T23:34:04.4885397Z FAILED development/tests/unit/test_screenshot_tracking_tdd_iteration_7.py::TestEveningScreenshotProcessorIntegration::test_processor_marks_screenshots_after_processing - AssertionError: Integration test not yet implemented - RED phase
Lint & Test (Ubuntu)	Run unit tests	2025-10-29T23:34:04.4886060Z FAILED development/tests/unit/test_screenshot_tracking_tdd_iteration_7.py::TestEveningScreenshotProcessorIntegration::test_processor_statistics_include_tracking_info - AssertionError: Integration test not yet implemented - RED phase
Lint & Test (Ubuntu)	Run unit tests	2025-10-29T23:34:04.4886929Z FAILED development/tests/unit/test_smart_link_cli.py::TestBatchProcessingCLI::test_batch_suggestion_processing - ImportError: cannot import name 'process_suggestions_batch' from 'cli.connections_demo' (/home/runner/work/inneros-zettelkasten/inneros-zettelkasten/development/src/cli/connections_demo.py)
Lint & Test (Ubuntu)	Run unit tests	2025-10-29T23:34:04.4887592Z FAILED development/tests/unit/test_smart_link_cli.py::TestBatchProcessingTDDIteration5::test_batch_processing_progress_tracking_fails - AssertionError: Expected 'process_batch' to be called once. Called 0 times.
Lint & Test (Ubuntu)	Run unit tests	2025-10-29T23:34:04.4888198Z FAILED development/tests/unit/test_smart_link_cli.py::TestBatchProcessingTDDIteration5::test_configuration_system_fails - AssertionError: Expected 'interactive_configuration' to have been called once. Called 0 times.
Lint & Test (Ubuntu)	Run unit tests	2025-10-29T23:34:04.4888963Z FAILED development/tests/unit/test_templates_auto_inbox.py::test_template_auto_moves_out_of_templates[template_path8] - AssertionError: Template simple-youtube-trigger.md does not contain a `tp.file.move()` call. Ensure the template relocates generated notes out of `Templates/`.
Lint & Test (Ubuntu)	Run unit tests	2025-10-29T23:34:04.4890107Z FAILED development/tests/unit/test_workflow_dashboard.py::TestWorkflowDashboardKeyboardShortcuts::test_keyboard_shortcut_b_calls_backup - TypeError: 'NoneType' object is not subscriptable
Lint & Test (Ubuntu)	Run unit tests	2025-10-29T23:34:04.4890662Z FAILED development/tests/unit/test_workflow_dashboard.py::TestWorkflowDashboardKeyboardShortcuts::test_keyboard_shortcut_f_calls_fleeting_health - TypeError: 'NoneType' object is not subscriptable
Lint & Test (Ubuntu)	Run unit tests	2025-10-29T23:34:04.4891279Z FAILED development/tests/unit/test_workflow_dashboard.py::TestWorkflowDashboardKeyboardShortcuts::test_keyboard_shortcut_p_calls_process_inbox - AssertionError: Expected 'run' to have been called once. Called 0 times.
Lint & Test (Ubuntu)	Run unit tests	2025-10-29T23:34:04.4891838Z FAILED development/tests/unit/test_workflow_dashboard.py::TestWorkflowDashboardKeyboardShortcuts::test_keyboard_shortcut_s_calls_system_status - TypeError: 'NoneType' object is not subscriptable
Lint & Test (Ubuntu)	Run unit tests	2025-10-29T23:34:04.4892382Z FAILED development/tests/unit/test_workflow_dashboard.py::TestWorkflowDashboardKeyboardShortcuts::test_keyboard_shortcut_w_calls_weekly_review - TypeError: 'NoneType' object is not subscriptable
Lint & Test (Ubuntu)	Run unit tests	2025-10-29T23:34:04.4892772Z FAILED development/tests/unit/test_workflow_dashboard.py::TestAsyncCLIExecutor::test_success_message_after_operation - AssertionError: 1 != 0
Lint & Test (Ubuntu)	Run unit tests	2025-10-29T23:34:04.4893256Z FAILED development/tests/unit/test_workflow_dashboard.py::TestAsyncCLIExecutor::test_timeout_handling_for_long_operations - AssertionError: False is not true
Lint & Test (Ubuntu)	Run unit tests	2025-10-29T23:34:04.4893604Z FAILED development/tests/unit/test_workflow_manager.py::TestWorkflowManager::test_promote_note_to_permanent - KeyError: 'success'
Lint & Test (Ubuntu)	Run unit tests	2025-10-29T23:34:04.4893955Z FAILED development/tests/unit/test_workflow_manager.py::TestWorkflowManager::test_promote_note_to_fleeting - KeyError: 'success'
Lint & Test (Ubuntu)	Run unit tests	2025-10-29T23:34:04.4894627Z FAILED development/tests/unit/test_workflow_manager_auto_promote.py::TestWorkflowManagerAutoPromotionDelegation::test_auto_promote_quality_threshold_delegation - AssertionError: Should only promote notes meeting custom threshold (0.8)
Lint & Test (Ubuntu)	Run unit tests	2025-10-29T23:34:04.4895317Z FAILED development/tests/unit/test_workflow_manager_auto_promotion.py::TestAutoPromotionSystem::test_auto_promote_filters_by_quality_threshold - AssertionError: Should promote 1 high-quality note
Lint & Test (Ubuntu)	Run unit tests	2025-10-29T23:34:04.4895868Z FAILED development/tests/unit/test_workflow_manager_auto_promotion.py::TestAutoPromotionSystem::test_auto_promote_routes_by_type_fleeting - AssertionError: Should promote 1 note
Lint & Test (Ubuntu)	Run unit tests	2025-10-29T23:34:04.4896430Z FAILED development/tests/unit/test_workflow_manager_auto_promotion.py::TestAutoPromotionSystem::test_auto_promote_routes_by_type_literature - AssertionError: Should promote 1 note
Lint & Test (Ubuntu)	Run unit tests	2025-10-29T23:34:04.4896976Z FAILED development/tests/unit/test_workflow_manager_auto_promotion.py::TestAutoPromotionSystem::test_auto_promote_routes_by_type_permanent - AssertionError: Should promote 1 note
Lint & Test (Ubuntu)	Run unit tests	2025-10-29T23:34:04.4897623Z FAILED development/tests/unit/test_workflow_manager_auto_promotion.py::TestAutoPromotionSystem::test_auto_promote_updates_status_to_published - AssertionError: Should promote 1 note
Lint & Test (Ubuntu)	Run unit tests	2025-10-29T23:34:04.4898197Z FAILED development/tests/unit/test_workflow_manager_auto_promotion.py::TestAutoPromotionSystem::test_auto_promote_adds_promoted_date_timestamp - AssertionError: Should promote 1 note
Lint & Test (Ubuntu)	Run unit tests	2025-10-29T23:34:04.4898779Z FAILED development/tests/unit/test_workflow_manager_auto_promotion.py::TestAutoPromotionSystem::test_auto_promote_custom_quality_threshold - AssertionError: Should promote with threshold 0.7
Lint & Test (Ubuntu)	Run unit tests	2025-10-29T23:34:04.4899395Z FAILED development/tests/unit/test_workflow_manager_auto_promotion.py::TestAutoPromotionSystem::test_auto_promote_batch_processing_multiple_notes - AssertionError: Should promote 3 high-quality notes
Lint & Test (Ubuntu)	Run unit tests	2025-10-29T23:34:04.4899968Z FAILED development/tests/unit/test_workflow_manager_auto_promotion.py::TestAutoPromotionSystem::test_auto_promote_handles_missing_type_field - AssertionError: Error should be tracked
Lint & Test (Ubuntu)	Run unit tests	2025-10-29T23:34:04.4900770Z FAILED development/tests/unit/test_workflow_manager_auto_promotion.py::TestAutoPromotionSystem::test_auto_promote_skips_non_promoted_status - AssertionError: Should find 0 candidate notes (none have status='promoted')
Lint & Test (Ubuntu)	Run unit tests	2025-10-29T23:34:04.4901441Z FAILED development/tests/unit/test_workflow_manager_status_update.py::TestWorkflowManagerStatusUpdate::test_process_inbox_note_updates_status_to_promoted - AssertionError: Results should include status_updated field
Lint & Test (Ubuntu)	Run unit tests	2025-10-29T23:34:04.4902695Z FAILED development/tests/unit/test_workflow_manager_status_update.py::TestWorkflowManagerStatusUpdate::test_process_inbox_note_adds_processed_date - AssertionError: processed_date should be added with correct format
Lint & Test (Ubuntu)	Run unit tests	2025-10-29T23:34:04.4904826Z FAILED development/tests/unit/test_workflow_manager_status_update.py::TestWorkflowManagerStatusUpdate::test_process_inbox_note_idempotent_status_update - assert 'status: promoted' in "---\ncreated: 2025-10-29 23:34\ntype: fleeting\nstatus: inbox\ntags: [test]\nquality_score: 0\nai_processed: '2025-10-29T23:34:01.153289'\n---\n\n# Test Note\n\nContent for idempotence testing."
Lint & Test (Ubuntu)	Run unit tests	2025-10-29T23:34:04.4906028Z FAILED development/tests/unit/test_workflow_manager_status_update.py::TestWorkflowManagerStatusUpdate::test_process_inbox_note_status_update_preserves_other_metadata - assert 'status: promoted' in "---\ncreated: 2025-01-01 10:00\ntype: fleeting\nstatus: inbox\ntags: [ai-added, original, test]\nquality_score: 0\ncu...eld: important_value\nai_processed: '2025-10-29T23:34:01.162230'\n---\n\n# Test Note\n\nContent with various metadata."
Lint & Test (Ubuntu)	Run unit tests	2025-10-29T23:34:04.4906394Z FAILED development/tests/unit/test_youtube_api.py::TestYouTubeAPIEndpoints::test_post_process_valid_note_returns_202 - assert 400 == 202
Lint & Test (Ubuntu)	Run unit tests	2025-10-29T23:34:04.4907002Z FAILED development/tests/unit/test_youtube_api.py::TestYouTubeAPIEndpoints::test_post_process_cooldown_active_returns_429 - assert 400 == 429
Lint & Test (Ubuntu)	Run unit tests	2025-10-29T23:34:04.4907547Z FAILED development/tests/unit/test_youtube_cli_integration.py::TestYouTubeCLIIntegration::test_batch_process_youtube_notes - assert 1 == 0
Lint & Test (Ubuntu)	Run unit tests	2025-10-29T23:34:04.4910264Z FAILED development/tests/unit/test_youtube_cli_integration.py::TestYouTubeCLIIntegration::test_batch_process_filters_already_processed - assert ('skipped' in "\n======================================================================\n  deprecation warning: workflow_demo.py\n...s in inbox...\n batch processing error: 'legacyworkflowmanageradapter' object has no attribute 'scan_youtube_notes'\n" or 'already' in "\n======================================================================\n  deprecation warning: workflow_demo.py\n...s in inbox...\n batch processing error: 'legacyworkflowmanageradapter' object has no attribute 'scan_youtube_notes'\n")
Lint & Test (Ubuntu)	Run unit tests	2025-10-29T23:34:04.4916969Z FAILED development/tests/unit/test_youtube_cli_integration.py::TestYouTubeCLIIntegration::test_batch_export_to_file - AssertionError: assert False
Lint & Test (Ubuntu)	Run unit tests	2025-10-29T23:34:04.4917645Z FAILED development/tests/unit/test_youtube_cli_utils.py::TestYouTubeCLIProcessor::test_cli_processor_single_note_success - assert False is True
Lint & Test (Ubuntu)	Run unit tests	2025-10-29T23:34:04.4918697Z FAILED development/tests/unit/test_youtube_cli_utils.py::TestYouTubeCLIProcessor::test_cli_processor_integration - assert False is True
Lint & Test (Ubuntu)	Run unit tests	2025-10-29T23:34:04.4920045Z FAILED development/tests/unit/test_youtube_transcript_fetcher.py::TestYouTubeTranscriptFetcherBasicFunctionality::test_fetch_valid_video_transcript - AttributeError: 'YouTubeTranscriptApi' object has no attribute 'list'
Lint & Test (Ubuntu)	Run unit tests	2025-10-29T23:34:04.4920862Z FAILED development/tests/unit/test_youtube_transcript_fetcher.py::TestYouTubeTranscriptFetcherBasicFunctionality::test_fetch_video_without_transcript - AttributeError: <youtube_transcript_api._api.YouTubeTranscriptApi object at 0x7fb5234bc7d0> does not have the attribute 'list'
Lint & Test (Ubuntu)	Run unit tests	2025-10-29T23:34:04.4921707Z FAILED development/tests/unit/test_youtube_transcript_fetcher.py::TestYouTubeTranscriptFetcherBasicFunctionality::test_fetch_manual_vs_auto_transcript_preference - AttributeError: <youtube_transcript_api._api.YouTubeTranscriptApi object at 0x7fb4a2c12650> does not have the attribute 'list'
Lint & Test (Ubuntu)	Run unit tests	2025-10-29T23:34:04.4922813Z FAILED development/tests/unit/test_youtube_transcript_fetcher.py::TestYouTubeTranscriptFetcherErrorHandling::test_handle_rate_limit_errors - ImportError: cannot import name 'RequestBlocked' from 'youtube_transcript_api._errors' (/home/runner/work/inneros-zettelkasten/inneros-zettelkasten/development/venv/lib/python3.13/site-packages/youtube_transcript_api/_errors.py)
Lint & Test (Ubuntu)	Run unit tests	2025-10-29T23:34:04.4923644Z FAILED development/tests/unit/test_youtube_transcript_fetcher.py::TestYouTubeTranscriptFetcherErrorHandling::test_handle_network_errors - AttributeError: <youtube_transcript_api._api.YouTubeTranscriptApi object at 0x7fb4a3093b50> does not have the attribute 'list'
