Lint & Test (Ubuntu)	Run unit tests	2025-10-29T23:34:04.4724262Z FAILED development/tests/unit/automation/test_youtube_handler_note_linking.py::TestYouTubeHandlerNoteLinking::test_bidirectional_navigation_works - TypeError: YouTubeFeatureHandler.__init__() got an unexpected keyword argument 'vault_path'
Lint & Test (Ubuntu)	Run unit tests	2025-10-29T23:34:04.4724972Z FAILED development/tests/unit/automation/test_youtube_handler_note_linking.py::TestYouTubeHandlerNoteLinking::test_handler_adds_transcript_to_frontmatter - TypeError: YouTubeFeatureHandler.__init__() got an unexpected keyword argument 'vault_path'
Lint & Test (Ubuntu)	Run unit tests	2025-10-29T23:34:04.4725743Z FAILED development/tests/unit/automation/test_youtube_handler_note_linking.py::TestYouTubeHandlerNoteLinking::test_handler_handles_linking_failure_gracefully - TypeError: YouTubeFeatureHandler.__init__() got an unexpected keyword argument 'vault_path'
Lint & Test (Ubuntu)	Run unit tests	2025-10-29T23:34:04.4726432Z FAILED development/tests/unit/automation/test_youtube_handler_note_linking.py::TestYouTubeHandlerNoteLinking::test_handler_inserts_transcript_link_in_body - TypeError: YouTubeFeatureHandler.__init__() got an unexpected keyword argument 'vault_path'
Lint & Test (Ubuntu)	Run unit tests	2025-10-29T23:34:04.4727123Z FAILED development/tests/unit/automation/test_youtube_handler_note_linking.py::TestYouTubeHandlerNoteLinking::test_handler_preserves_existing_content - TypeError: YouTubeFeatureHandler.__init__() got an unexpected keyword argument 'vault_path'
Lint & Test (Ubuntu)	Run unit tests	2025-10-29T23:34:04.4727869Z FAILED development/tests/unit/automation/test_youtube_handler_note_linking.py::TestYouTubeHandlerNoteLinking::test_linking_with_various_note_structures - TypeError: YouTubeFeatureHandler.__init__() got an unexpected keyword argument 'vault_path'
Lint & Test (Ubuntu)	Run unit tests	2025-10-29T23:34:04.4868702Z FAILED development/tests/unit/test_safe_image_processor.py::TestSafeImageProcessorRedPhase::test_concurrent_processing_safety_fails - Failed: DID NOT RAISE (<class 'AttributeError'>, <class 'TypeError'>)
Lint & Test (Ubuntu)	Run unit tests	2025-10-29T23:34:04.4869309Z FAILED development/tests/unit/test_safe_image_processor.py::TestSafeImageProcessorRedPhase::test_backup_session_lifecycle_fails - Failed: DID NOT RAISE (<class 'ImportError'>, <class 'AttributeError'>, <class 'TypeError'>)
Lint & Test (Ubuntu)	Run unit tests	2025-10-29T23:34:04.4869858Z FAILED development/tests/unit/test_safe_image_processor.py::TestSafeImageProcessorRedPhase::test_backup_integrity_validation_fails - Failed: DID NOT RAISE (<class 'AttributeError'>, <class 'TypeError'>)
Lint & Test (Ubuntu)	Run unit tests	2025-10-29T23:34:04.4870473Z FAILED development/tests/unit/test_safe_image_processor.py::TestSafeImageProcessorRedPhase::test_processing_result_structure_fails - Failed: DID NOT RAISE (<class 'ImportError'>, <class 'AttributeError'>, <class 'TypeError'>)
Lint & Test (Ubuntu)	Run unit tests	2025-10-29T23:34:04.4876786Z FAILED development/tests/unit/test_safe_workflow_cli.py::TestSafeWorkflowCLIIntegration::test_cli_modular_architecture_fails - TypeError: CLISafeWorkflowProcessor.__init__() missing 1 required positional argument: 'vault_path'
Lint & Test (Ubuntu)	Run unit tests	2025-10-29T23:34:04.4890107Z FAILED development/tests/unit/test_workflow_dashboard.py::TestWorkflowDashboardKeyboardShortcuts::test_keyboard_shortcut_b_calls_backup - TypeError: 'NoneType' object is not subscriptable
Lint & Test (Ubuntu)	Run unit tests	2025-10-29T23:34:04.4890662Z FAILED development/tests/unit/test_workflow_dashboard.py::TestWorkflowDashboardKeyboardShortcuts::test_keyboard_shortcut_f_calls_fleeting_health - TypeError: 'NoneType' object is not subscriptable
Lint & Test (Ubuntu)	Run unit tests	2025-10-29T23:34:04.4891838Z FAILED development/tests/unit/test_workflow_dashboard.py::TestWorkflowDashboardKeyboardShortcuts::test_keyboard_shortcut_s_calls_system_status - TypeError: 'NoneType' object is not subscriptable
Lint & Test (Ubuntu)	Run unit tests	2025-10-29T23:34:04.4892382Z FAILED development/tests/unit/test_workflow_dashboard.py::TestWorkflowDashboardKeyboardShortcuts::test_keyboard_shortcut_w_calls_weekly_review - TypeError: 'NoneType' object is not subscriptable
